{"/Users/chriscates/projects/horizon/cli/src/serve.js":{"path":"/Users/chriscates/projects/horizon/cli/src/serve.js","s":{"1":1,"2":1,"3":1,"4":1,"5":1,"6":1,"7":1,"8":1,"9":1,"10":1,"11":1,"12":1,"13":1,"14":1,"15":1,"16":1,"17":1,"18":1,"19":1,"20":1,"21":1,"22":1,"23":1,"24":1,"25":1,"26":1,"27":1,"28":1,"29":1,"30":1,"31":1,"32":1,"33":1,"34":47,"35":1,"36":1,"37":0,"38":0,"39":0,"40":0,"41":0,"42":0,"43":0,"44":0,"45":0,"46":0,"47":0,"48":0,"49":0,"50":0,"51":0,"52":0,"53":0,"54":0,"55":0,"56":0,"57":0,"58":1,"59":0,"60":0,"61":0,"62":0,"63":0,"64":0,"65":1,"66":4,"67":4,"68":4,"69":4,"70":0,"71":0,"72":0,"73":0,"74":0,"75":0,"76":0,"77":0,"78":0,"79":0,"80":0,"81":0,"82":1,"83":4,"84":4,"85":0,"86":1,"87":0,"88":0,"89":0,"90":1,"91":0,"92":0,"93":0,"94":0,"95":1,"96":13,"97":13,"98":0,"99":13,"100":10,"101":10,"102":10,"103":3,"104":3,"105":1,"106":46,"107":46,"108":46,"109":36,"110":10,"111":10,"112":10,"113":36,"114":36,"115":28,"116":5,"117":23,"118":22,"119":1,"120":33,"121":1,"122":1,"123":42,"124":42,"125":6205,"126":6205,"127":31,"128":31,"129":31,"130":31,"131":19,"132":31,"133":4,"134":27,"135":1,"136":26,"137":6,"138":6,"139":3,"140":3,"141":3,"142":20,"143":19,"144":40,"145":1,"146":39,"147":39,"148":0,"149":0,"150":0,"151":0,"152":0,"153":0,"154":0,"155":0,"156":39,"157":0,"158":39,"159":39,"160":312,"161":11,"162":39,"163":4,"164":37,"165":0,"166":37,"167":0,"168":37,"169":1,"170":37,"171":0,"172":37,"173":2,"174":2,"175":0,"176":2,"177":37,"178":1,"179":120,"180":3,"181":117,"182":175,"183":4,"184":175,"185":117,"186":7,"187":7,"188":14,"189":58,"190":117,"191":1,"192":46,"193":46,"194":46,"195":42,"196":39,"197":36,"198":1,"199":0,"200":0,"201":1,"202":4,"203":0,"204":4,"205":2,"206":2,"207":1,"208":1,"209":1,"210":1,"211":2,"212":2,"213":1,"214":1,"215":1,"216":4,"217":4,"218":0,"219":0,"220":0,"221":0,"222":0,"223":0,"224":4,"225":0,"226":0,"227":0,"228":0,"229":0,"230":0,"231":0,"232":0,"233":0,"234":0,"235":0,"236":1},"b":{"1":[0,0],"2":[0,0],"3":[0,0],"4":[0,0],"5":[0,0],"6":[0,0],"7":[0,0],"8":[0,0],"9":[0,0],"10":[0,0],"11":[0,0],"12":[0,0],"13":[0,0],"14":[0,13],"15":[10,3],"16":[3,7],"17":[10,7,7],"18":[36,10],"19":[5,23],"20":[22,1],"21":[31,6174],"22":[6205,31],"23":[19,12],"24":[4,27],"25":[1,26],"26":[6,20],"27":[26,6],"28":[6,3],"29":[3,3],"30":[3,0],"31":[19,1],"32":[0,39],"33":[0,39],"34":[11,301],"35":[4,35],"36":[0,37],"37":[0,37],"38":[1,36],"39":[0,37],"40":[37,1],"41":[0,2],"42":[3,117],"43":[120,5],"44":[4,171],"45":[117,58],"46":[7,5],"47":[0,4],"48":[2,2],"49":[1,0],"50":[0,0],"51":[0,0],"52":[4,0],"53":[0,0],"54":[0,0],"55":[0,0]},"f":{},"fnMap":{},"statementMap":{"1":{"start":{"line":3,"column":0},"end":{"line":3,"column":50}},"2":{"start":{"line":4,"column":0},"end":{"line":4,"column":47}},"3":{"start":{"line":6,"column":0},"end":{"line":6,"column":25}},"4":{"start":{"line":7,"column":0},"end":{"line":7,"column":29}},"5":{"start":{"line":8,"column":0},"end":{"line":8,"column":31}},"6":{"start":{"line":9,"column":0},"end":{"line":9,"column":37}},"7":{"start":{"line":10,"column":0},"end":{"line":10,"column":29}},"8":{"start":{"line":11,"column":0},"end":{"line":11,"column":29}},"9":{"start":{"line":12,"column":0},"end":{"line":12,"column":27}},"10":{"start":{"line":13,"column":0},"end":{"line":13,"column":39}},"11":{"start":{"line":15,"column":0},"end":{"line":15,"column":61}},"12":{"start":{"line":17,"column":0},"end":{"line":101,"column":2}},"13":{"start":{"line":18,"column":2},"end":{"line":20,"column":57}},"14":{"start":{"line":22,"column":2},"end":{"line":24,"column":66}},"15":{"start":{"line":26,"column":2},"end":{"line":28,"column":49}},"16":{"start":{"line":30,"column":2},"end":{"line":32,"column":70}},"17":{"start":{"line":34,"column":2},"end":{"line":36,"column":71}},"18":{"start":{"line":38,"column":2},"end":{"line":40,"column":73}},"19":{"start":{"line":42,"column":2},"end":{"line":44,"column":69}},"20":{"start":{"line":46,"column":2},"end":{"line":48,"column":71}},"21":{"start":{"line":50,"column":2},"end":{"line":52,"column":65}},"22":{"start":{"line":54,"column":2},"end":{"line":56,"column":39}},"23":{"start":{"line":58,"column":2},"end":{"line":61,"column":24}},"24":{"start":{"line":63,"column":2},"end":{"line":65,"column":70}},"25":{"start":{"line":67,"column":2},"end":{"line":69,"column":70}},"26":{"start":{"line":71,"column":2},"end":{"line":73,"column":71}},"27":{"start":{"line":75,"column":2},"end":{"line":79,"column":76}},"28":{"start":{"line":81,"column":2},"end":{"line":88,"column":36}},"29":{"start":{"line":90,"column":2},"end":{"line":92,"column":80}},"30":{"start":{"line":94,"column":2},"end":{"line":96,"column":91}},"31":{"start":{"line":98,"column":2},"end":{"line":100,"column":88}},"32":{"start":{"line":103,"column":0},"end":{"line":103,"column":48}},"33":{"start":{"line":105,"column":0},"end":{"line":132,"column":3}},"34":{"start":{"line":105,"column":35},"end":{"line":132,"column":1}},"35":{"start":{"line":134,"column":0},"end":{"line":134,"column":45}},"36":{"start":{"line":139,"column":0},"end":{"line":172,"column":2}},"37":{"start":{"line":140,"column":2},"end":{"line":171,"column":5}},"38":{"start":{"line":141,"column":4},"end":{"line":170,"column":5}},"39":{"start":{"line":142,"column":6},"end":{"line":142,"column":59}},"40":{"start":{"line":143,"column":6},"end":{"line":143,"column":49}},"41":{"start":{"line":145,"column":6},"end":{"line":169,"column":9}},"42":{"start":{"line":146,"column":8},"end":{"line":168,"column":9}},"43":{"start":{"line":147,"column":10},"end":{"line":147,"column":63}},"44":{"start":{"line":148,"column":10},"end":{"line":148,"column":30}},"45":{"start":{"line":149,"column":15},"end":{"line":168,"column":9}},"46":{"start":{"line":150,"column":10},"end":{"line":165,"column":13}},"47":{"start":{"line":151,"column":12},"end":{"line":164,"column":13}},"48":{"start":{"line":152,"column":14},"end":{"line":152,"column":67}},"49":{"start":{"line":153,"column":14},"end":{"line":153,"column":34}},"50":{"start":{"line":155,"column":14},"end":{"line":162,"column":15}},"51":{"start":{"line":156,"column":16},"end":{"line":157,"column":62}},"52":{"start":{"line":158,"column":21},"end":{"line":162,"column":15}},"53":{"start":{"line":159,"column":16},"end":{"line":159,"column":68}},"54":{"start":{"line":161,"column":16},"end":{"line":161,"column":35}},"55":{"start":{"line":163,"column":14},"end":{"line":163,"column":38}},"56":{"start":{"line":166,"column":15},"end":{"line":168,"column":9}},"57":{"start":{"line":167,"column":10},"end":{"line":167,"column":62}},"58":{"start":{"line":174,"column":0},"end":{"line":184,"column":2}},"59":{"start":{"line":174,"column":32},"end":{"line":184,"column":1}},"60":{"start":{"line":175,"column":2},"end":{"line":175,"column":47}},"61":{"start":{"line":177,"column":2},"end":{"line":182,"column":3}},"62":{"start":{"line":178,"column":4},"end":{"line":178,"column":54}},"63":{"start":{"line":179,"column":9},"end":{"line":182,"column":3}},"64":{"start":{"line":181,"column":4},"end":{"line":181,"column":50}},"65":{"start":{"line":186,"column":0},"end":{"line":211,"column":2}},"66":{"start":{"line":187,"column":2},"end":{"line":187,"column":28}},"67":{"start":{"line":188,"column":2},"end":{"line":188,"column":19}},"68":{"start":{"line":189,"column":2},"end":{"line":210,"column":5}},"69":{"start":{"line":190,"column":4},"end":{"line":209,"column":7}},"70":{"start":{"line":191,"column":6},"end":{"line":191,"column":49}},"71":{"start":{"line":192,"column":6},"end":{"line":192,"column":23}},"72":{"start":{"line":193,"column":6},"end":{"line":196,"column":7}},"73":{"start":{"line":194,"column":8},"end":{"line":194,"column":70}},"74":{"start":{"line":195,"column":8},"end":{"line":195,"column":57}},"75":{"start":{"line":197,"column":6},"end":{"line":203,"column":9}},"76":{"start":{"line":198,"column":8},"end":{"line":199,"column":46}},"77":{"start":{"line":200,"column":8},"end":{"line":202,"column":9}},"78":{"start":{"line":201,"column":10},"end":{"line":201,"column":27}},"79":{"start":{"line":204,"column":6},"end":{"line":208,"column":9}},"80":{"start":{"line":205,"column":8},"end":{"line":206,"column":60}},"81":{"start":{"line":207,"column":8},"end":{"line":207,"column":24}},"82":{"start":{"line":213,"column":0},"end":{"line":216,"column":2}},"83":{"start":{"line":214,"column":2},"end":{"line":214,"column":48}},"84":{"start":{"line":215,"column":2},"end":{"line":215,"column":59}},"85":{"start":{"line":215,"column":34},"end":{"line":215,"column":51}},"86":{"start":{"line":218,"column":0},"end":{"line":225,"column":2}},"87":{"start":{"line":219,"column":2},"end":{"line":224,"column":3}},"88":{"start":{"line":220,"column":4},"end":{"line":220,"column":47}},"89":{"start":{"line":222,"column":4},"end":{"line":223,"column":74}},"90":{"start":{"line":227,"column":0},"end":{"line":231,"column":2}},"91":{"start":{"line":228,"column":2},"end":{"line":228,"column":42}},"92":{"start":{"line":229,"column":2},"end":{"line":229,"column":44}},"93":{"start":{"line":230,"column":2},"end":{"line":230,"column":73}},"94":{"start":{"line":230,"column":34},"end":{"line":230,"column":65}},"95":{"start":{"line":233,"column":0},"end":{"line":246,"column":2}},"96":{"start":{"line":234,"column":2},"end":{"line":234,"column":39}},"97":{"start":{"line":235,"column":2},"end":{"line":245,"column":3}},"98":{"start":{"line":236,"column":4},"end":{"line":236,"column":35}},"99":{"start":{"line":237,"column":9},"end":{"line":245,"column":3}},"100":{"start":{"line":238,"column":4},"end":{"line":238,"column":35}},"101":{"start":{"line":239,"column":4},"end":{"line":239,"column":45}},"102":{"start":{"line":240,"column":4},"end":{"line":242,"column":5}},"103":{"start":{"line":241,"column":6},"end":{"line":241,"column":58}},"104":{"start":{"line":244,"column":4},"end":{"line":244,"column":77}},"105":{"start":{"line":248,"column":0},"end":{"line":276,"column":2}},"106":{"start":{"line":249,"column":2},"end":{"line":249,"column":31}},"107":{"start":{"line":251,"column":2},"end":{"line":251,"column":16}},"108":{"start":{"line":252,"column":2},"end":{"line":262,"column":3}},"109":{"start":{"line":254,"column":4},"end":{"line":254,"column":45}},"110":{"start":{"line":257,"column":4},"end":{"line":261,"column":5}},"111":{"start":{"line":258,"column":6},"end":{"line":258,"column":55}},"112":{"start":{"line":260,"column":6},"end":{"line":260,"column":20}},"113":{"start":{"line":264,"column":2},"end":{"line":264,"column":44}},"114":{"start":{"line":265,"column":2},"end":{"line":273,"column":3}},"115":{"start":{"line":266,"column":4},"end":{"line":272,"column":5}},"116":{"start":{"line":267,"column":6},"end":{"line":267,"column":49}},"117":{"start":{"line":268,"column":11},"end":{"line":272,"column":5}},"118":{"start":{"line":269,"column":6},"end":{"line":269,"column":41}},"119":{"start":{"line":271,"column":6},"end":{"line":271,"column":63}},"120":{"start":{"line":275,"column":2},"end":{"line":275,"column":16}},"121":{"start":{"line":278,"column":0},"end":{"line":278,"column":47}},"122":{"start":{"line":279,"column":0},"end":{"line":312,"column":2}},"123":{"start":{"line":280,"column":2},"end":{"line":280,"column":31}},"124":{"start":{"line":282,"column":2},"end":{"line":309,"column":3}},"125":{"start":{"line":283,"column":4},"end":{"line":283,"column":44}},"126":{"start":{"line":284,"column":4},"end":{"line":308,"column":5}},"127":{"start":{"line":285,"column":6},"end":{"line":285,"column":53}},"128":{"start":{"line":286,"column":6},"end":{"line":286,"column":48}},"129":{"start":{"line":287,"column":6},"end":{"line":287,"column":39}},"130":{"start":{"line":289,"column":6},"end":{"line":291,"column":7}},"131":{"start":{"line":290,"column":8},"end":{"line":290,"column":49}},"132":{"start":{"line":293,"column":6},"end":{"line":307,"column":7}},"133":{"start":{"line":294,"column":8},"end":{"line":294,"column":37}},"134":{"start":{"line":295,"column":13},"end":{"line":307,"column":7}},"135":{"start":{"line":296,"column":8},"end":{"line":296,"column":49}},"136":{"start":{"line":297,"column":13},"end":{"line":307,"column":7}},"137":{"start":{"line":298,"column":8},"end":{"line":298,"column":67}},"138":{"start":{"line":300,"column":8},"end":{"line":304,"column":9}},"139":{"start":{"line":301,"column":10},"end":{"line":301,"column":46}},"140":{"start":{"line":302,"column":15},"end":{"line":304,"column":9}},"141":{"start":{"line":303,"column":10},"end":{"line":303,"column":50}},"142":{"start":{"line":305,"column":13},"end":{"line":307,"column":7}},"143":{"start":{"line":306,"column":8},"end":{"line":306,"column":38}},"144":{"start":{"line":311,"column":2},"end":{"line":311,"column":16}},"145":{"start":{"line":314,"column":0},"end":{"line":379,"column":2}},"146":{"start":{"line":315,"column":2},"end":{"line":315,"column":31}},"147":{"start":{"line":318,"column":2},"end":{"line":327,"column":3}},"148":{"start":{"line":319,"column":4},"end":{"line":319,"column":25}},"149":{"start":{"line":320,"column":4},"end":{"line":320,"column":40}},"150":{"start":{"line":321,"column":4},"end":{"line":321,"column":34}},"151":{"start":{"line":322,"column":4},"end":{"line":322,"column":27}},"152":{"start":{"line":323,"column":4},"end":{"line":323,"column":34}},"153":{"start":{"line":324,"column":4},"end":{"line":324,"column":36}},"154":{"start":{"line":325,"column":4},"end":{"line":325,"column":36}},"155":{"start":{"line":326,"column":4},"end":{"line":326,"column":33}},"156":{"start":{"line":329,"column":2},"end":{"line":331,"column":3}},"157":{"start":{"line":330,"column":4},"end":{"line":330,"column":36}},"158":{"start":{"line":334,"column":2},"end":{"line":341,"column":41}},"159":{"start":{"line":343,"column":2},"end":{"line":347,"column":5}},"160":{"start":{"line":344,"column":4},"end":{"line":346,"column":5}},"161":{"start":{"line":345,"column":6},"end":{"line":345,"column":25}},"162":{"start":{"line":350,"column":2},"end":{"line":352,"column":3}},"163":{"start":{"line":351,"column":4},"end":{"line":351,"column":42}},"164":{"start":{"line":354,"column":2},"end":{"line":356,"column":3}},"165":{"start":{"line":355,"column":4},"end":{"line":355,"column":46}},"166":{"start":{"line":359,"column":2},"end":{"line":361,"column":3}},"167":{"start":{"line":360,"column":4},"end":{"line":360,"column":30}},"168":{"start":{"line":362,"column":2},"end":{"line":364,"column":3}},"169":{"start":{"line":363,"column":4},"end":{"line":363,"column":30}},"170":{"start":{"line":365,"column":2},"end":{"line":367,"column":3}},"171":{"start":{"line":366,"column":4},"end":{"line":366,"column":32}},"172":{"start":{"line":370,"column":2},"end":{"line":376,"column":5}},"173":{"start":{"line":371,"column":4},"end":{"line":371,"column":43}},"174":{"start":{"line":372,"column":4},"end":{"line":374,"column":5}},"175":{"start":{"line":373,"column":6},"end":{"line":373,"column":89}},"176":{"start":{"line":375,"column":4},"end":{"line":375,"column":66}},"177":{"start":{"line":378,"column":2},"end":{"line":378,"column":16}},"178":{"start":{"line":381,"column":0},"end":{"line":404,"column":2}},"179":{"start":{"line":382,"column":2},"end":{"line":384,"column":3}},"180":{"start":{"line":383,"column":4},"end":{"line":383,"column":76}},"181":{"start":{"line":386,"column":2},"end":{"line":401,"column":3}},"182":{"start":{"line":387,"column":4},"end":{"line":389,"column":5}},"183":{"start":{"line":388,"column":6},"end":{"line":388,"column":41}},"184":{"start":{"line":391,"column":4},"end":{"line":400,"column":5}},"185":{"start":{"line":392,"column":6},"end":{"line":397,"column":7}},"186":{"start":{"line":393,"column":8},"end":{"line":393,"column":69}},"187":{"start":{"line":394,"column":8},"end":{"line":396,"column":9}},"188":{"start":{"line":395,"column":10},"end":{"line":395,"column":78}},"189":{"start":{"line":399,"column":6},"end":{"line":399,"column":40}},"190":{"start":{"line":403,"column":2},"end":{"line":403,"column":20}},"191":{"start":{"line":408,"column":0},"end":{"line":417,"column":2}},"192":{"start":{"line":409,"column":2},"end":{"line":409,"column":13}},"193":{"start":{"line":411,"column":2},"end":{"line":411,"column":33}},"194":{"start":{"line":412,"column":2},"end":{"line":412,"column":71}},"195":{"start":{"line":413,"column":2},"end":{"line":413,"column":57}},"196":{"start":{"line":414,"column":2},"end":{"line":414,"column":65}},"197":{"start":{"line":416,"column":2},"end":{"line":416,"column":16}},"198":{"start":{"line":419,"column":0},"end":{"line":434,"column":2}},"199":{"start":{"line":420,"column":2},"end":{"line":420,"column":37}},"200":{"start":{"line":421,"column":2},"end":{"line":433,"column":5}},"201":{"start":{"line":437,"column":0},"end":{"line":505,"column":2}},"202":{"start":{"line":438,"column":2},"end":{"line":440,"column":3}},"203":{"start":{"line":439,"column":4},"end":{"line":439,"column":27}},"204":{"start":{"line":442,"column":2},"end":{"line":464,"column":3}},"205":{"start":{"line":443,"column":4},"end":{"line":452,"column":5}},"206":{"start":{"line":445,"column":6},"end":{"line":447,"column":7}},"207":{"start":{"line":446,"column":8},"end":{"line":446,"column":36}},"208":{"start":{"line":449,"column":6},"end":{"line":449,"column":73}},"209":{"start":{"line":450,"column":6},"end":{"line":450,"column":23}},"210":{"start":{"line":451,"column":6},"end":{"line":451,"column":22}},"211":{"start":{"line":454,"column":4},"end":{"line":463,"column":5}},"212":{"start":{"line":456,"column":6},"end":{"line":456,"column":25}},"213":{"start":{"line":459,"column":6},"end":{"line":460,"column":90}},"214":{"start":{"line":461,"column":6},"end":{"line":461,"column":23}},"215":{"start":{"line":462,"column":6},"end":{"line":462,"column":22}},"216":{"start":{"line":466,"column":2},"end":{"line":466,"column":32}},"217":{"start":{"line":468,"column":2},"end":{"line":478,"column":5}},"218":{"start":{"line":469,"column":4},"end":{"line":471,"column":5}},"219":{"start":{"line":470,"column":6},"end":{"line":470,"column":26}},"220":{"start":{"line":472,"column":4},"end":{"line":476,"column":5}},"221":{"start":{"line":473,"column":6},"end":{"line":475,"column":9}},"222":{"start":{"line":474,"column":8},"end":{"line":474,"column":21}},"223":{"start":{"line":477,"column":4},"end":{"line":477,"column":11}},"224":{"start":{"line":480,"column":2},"end":{"line":504,"column":17}},"225":{"start":{"line":484,"column":4},"end":{"line":484,"column":27}},"226":{"start":{"line":485,"column":4},"end":{"line":490,"column":5}},"227":{"start":{"line":486,"column":6},"end":{"line":489,"column":9}},"228":{"start":{"line":488,"column":8},"end":{"line":488,"column":43}},"229":{"start":{"line":492,"column":4},"end":{"line":492,"column":57}},"230":{"start":{"line":494,"column":4},"end":{"line":503,"column":5}},"231":{"start":{"line":495,"column":6},"end":{"line":502,"column":7}},"232":{"start":{"line":496,"column":8},"end":{"line":496,"column":51}},"233":{"start":{"line":497,"column":8},"end":{"line":499,"column":9}},"234":{"start":{"line":498,"column":10},"end":{"line":498,"column":66}},"235":{"start":{"line":500,"column":8},"end":{"line":501,"column":79}},"236":{"start":{"line":507,"column":0},"end":{"line":511,"column":2}}},"branchMap":{"1":{"line":141,"type":"if","locations":[{"start":{"line":141,"column":4},"end":{"line":141,"column":4}},{"start":{"line":141,"column":4},"end":{"line":141,"column":4}}]},"2":{"line":146,"type":"if","locations":[{"start":{"line":146,"column":8},"end":{"line":146,"column":8}},{"start":{"line":146,"column":8},"end":{"line":146,"column":8}}]},"3":{"line":149,"type":"if","locations":[{"start":{"line":149,"column":15},"end":{"line":149,"column":15}},{"start":{"line":149,"column":15},"end":{"line":149,"column":15}}]},"4":{"line":151,"type":"if","locations":[{"start":{"line":151,"column":12},"end":{"line":151,"column":12}},{"start":{"line":151,"column":12},"end":{"line":151,"column":12}}]},"5":{"line":155,"type":"if","locations":[{"start":{"line":155,"column":14},"end":{"line":155,"column":14}},{"start":{"line":155,"column":14},"end":{"line":155,"column":14}}]},"6":{"line":158,"type":"if","locations":[{"start":{"line":158,"column":21},"end":{"line":158,"column":21}},{"start":{"line":158,"column":21},"end":{"line":158,"column":21}}]},"7":{"line":166,"type":"if","locations":[{"start":{"line":166,"column":15},"end":{"line":166,"column":15}},{"start":{"line":166,"column":15},"end":{"line":166,"column":15}}]},"8":{"line":177,"type":"if","locations":[{"start":{"line":177,"column":2},"end":{"line":177,"column":2}},{"start":{"line":177,"column":2},"end":{"line":177,"column":2}}]},"9":{"line":177,"type":"binary-expr","locations":[{"start":{"line":177,"column":6},"end":{"line":177,"column":22}},{"start":{"line":177,"column":26},"end":{"line":177,"column":41}}]},"10":{"line":179,"type":"if","locations":[{"start":{"line":179,"column":9},"end":{"line":179,"column":9}},{"start":{"line":179,"column":9},"end":{"line":179,"column":9}}]},"11":{"line":193,"type":"if","locations":[{"start":{"line":193,"column":6},"end":{"line":193,"column":6}},{"start":{"line":193,"column":6},"end":{"line":193,"column":6}}]},"12":{"line":200,"type":"if","locations":[{"start":{"line":200,"column":8},"end":{"line":200,"column":8}},{"start":{"line":200,"column":8},"end":{"line":200,"column":8}}]},"13":{"line":206,"type":"cond-expr","locations":[{"start":{"line":206,"column":33},"end":{"line":206,"column":35}},{"start":{"line":206,"column":38},"end":{"line":206,"column":41}}]},"14":{"line":235,"type":"if","locations":[{"start":{"line":235,"column":2},"end":{"line":235,"column":2}},{"start":{"line":235,"column":2},"end":{"line":235,"column":2}}]},"15":{"line":237,"type":"if","locations":[{"start":{"line":237,"column":9},"end":{"line":237,"column":9}},{"start":{"line":237,"column":9},"end":{"line":237,"column":9}}]},"16":{"line":240,"type":"if","locations":[{"start":{"line":240,"column":4},"end":{"line":240,"column":4}},{"start":{"line":240,"column":4},"end":{"line":240,"column":4}}]},"17":{"line":240,"type":"binary-expr","locations":[{"start":{"line":240,"column":8},"end":{"line":240,"column":30}},{"start":{"line":240,"column":34},"end":{"line":240,"column":53}},{"start":{"line":240,"column":57},"end":{"line":240,"column":80}}]},"18":{"line":252,"type":"if","locations":[{"start":{"line":252,"column":2},"end":{"line":252,"column":2}},{"start":{"line":252,"column":2},"end":{"line":252,"column":2}}]},"19":{"line":266,"type":"if","locations":[{"start":{"line":266,"column":4},"end":{"line":266,"column":4}},{"start":{"line":266,"column":4},"end":{"line":266,"column":4}}]},"20":{"line":268,"type":"if","locations":[{"start":{"line":268,"column":11},"end":{"line":268,"column":11}},{"start":{"line":268,"column":11},"end":{"line":268,"column":11}}]},"21":{"line":284,"type":"if","locations":[{"start":{"line":284,"column":4},"end":{"line":284,"column":4}},{"start":{"line":284,"column":4},"end":{"line":284,"column":4}}]},"22":{"line":284,"type":"binary-expr","locations":[{"start":{"line":284,"column":8},"end":{"line":284,"column":15}},{"start":{"line":284,"column":19},"end":{"line":284,"column":29}}]},"23":{"line":289,"type":"if","locations":[{"start":{"line":289,"column":6},"end":{"line":289,"column":6}},{"start":{"line":289,"column":6},"end":{"line":289,"column":6}}]},"24":{"line":293,"type":"if","locations":[{"start":{"line":293,"column":6},"end":{"line":293,"column":6}},{"start":{"line":293,"column":6},"end":{"line":293,"column":6}}]},"25":{"line":295,"type":"if","locations":[{"start":{"line":295,"column":13},"end":{"line":295,"column":13}},{"start":{"line":295,"column":13},"end":{"line":295,"column":13}}]},"26":{"line":297,"type":"if","locations":[{"start":{"line":297,"column":13},"end":{"line":297,"column":13}},{"start":{"line":297,"column":13},"end":{"line":297,"column":13}}]},"27":{"line":297,"type":"binary-expr","locations":[{"start":{"line":297,"column":17},"end":{"line":297,"column":39}},{"start":{"line":297,"column":43},"end":{"line":297,"column":64}}]},"28":{"line":298,"type":"binary-expr","locations":[{"start":{"line":298,"column":35},"end":{"line":298,"column":59}},{"start":{"line":298,"column":63},"end":{"line":298,"column":66}}]},"29":{"line":300,"type":"if","locations":[{"start":{"line":300,"column":8},"end":{"line":300,"column":8}},{"start":{"line":300,"column":8},"end":{"line":300,"column":8}}]},"30":{"line":302,"type":"if","locations":[{"start":{"line":302,"column":15},"end":{"line":302,"column":15}},{"start":{"line":302,"column":15},"end":{"line":302,"column":15}}]},"31":{"line":305,"type":"if","locations":[{"start":{"line":305,"column":13},"end":{"line":305,"column":13}},{"start":{"line":305,"column":13},"end":{"line":305,"column":13}}]},"32":{"line":318,"type":"if","locations":[{"start":{"line":318,"column":2},"end":{"line":318,"column":2}},{"start":{"line":318,"column":2},"end":{"line":318,"column":2}}]},"33":{"line":329,"type":"if","locations":[{"start":{"line":329,"column":2},"end":{"line":329,"column":2}},{"start":{"line":329,"column":2},"end":{"line":329,"column":2}}]},"34":{"line":344,"type":"if","locations":[{"start":{"line":344,"column":4},"end":{"line":344,"column":4}},{"start":{"line":344,"column":4},"end":{"line":344,"column":4}}]},"35":{"line":350,"type":"if","locations":[{"start":{"line":350,"column":2},"end":{"line":350,"column":2}},{"start":{"line":350,"column":2},"end":{"line":350,"column":2}}]},"36":{"line":354,"type":"if","locations":[{"start":{"line":354,"column":2},"end":{"line":354,"column":2}},{"start":{"line":354,"column":2},"end":{"line":354,"column":2}}]},"37":{"line":359,"type":"if","locations":[{"start":{"line":359,"column":2},"end":{"line":359,"column":2}},{"start":{"line":359,"column":2},"end":{"line":359,"column":2}}]},"38":{"line":362,"type":"if","locations":[{"start":{"line":362,"column":2},"end":{"line":362,"column":2}},{"start":{"line":362,"column":2},"end":{"line":362,"column":2}}]},"39":{"line":365,"type":"if","locations":[{"start":{"line":365,"column":2},"end":{"line":365,"column":2}},{"start":{"line":365,"column":2},"end":{"line":365,"column":2}}]},"40":{"line":365,"type":"binary-expr","locations":[{"start":{"line":365,"column":6},"end":{"line":365,"column":17}},{"start":{"line":365,"column":21},"end":{"line":365,"column":54}}]},"41":{"line":372,"type":"if","locations":[{"start":{"line":372,"column":4},"end":{"line":372,"column":4}},{"start":{"line":372,"column":4},"end":{"line":372,"column":4}}]},"42":{"line":382,"type":"if","locations":[{"start":{"line":382,"column":2},"end":{"line":382,"column":2}},{"start":{"line":382,"column":2},"end":{"line":382,"column":2}}]},"43":{"line":382,"type":"binary-expr","locations":[{"start":{"line":382,"column":6},"end":{"line":382,"column":32}},{"start":{"line":382,"column":36},"end":{"line":382,"column":55}}]},"44":{"line":387,"type":"if","locations":[{"start":{"line":387,"column":4},"end":{"line":387,"column":4}},{"start":{"line":387,"column":4},"end":{"line":387,"column":4}}]},"45":{"line":391,"type":"if","locations":[{"start":{"line":391,"column":4},"end":{"line":391,"column":4}},{"start":{"line":391,"column":4},"end":{"line":391,"column":4}}]},"46":{"line":393,"type":"binary-expr","locations":[{"start":{"line":393,"column":36},"end":{"line":393,"column":61}},{"start":{"line":393,"column":65},"end":{"line":393,"column":68}}]},"47":{"line":438,"type":"if","locations":[{"start":{"line":438,"column":2},"end":{"line":438,"column":2}},{"start":{"line":438,"column":2},"end":{"line":438,"column":2}}]},"48":{"line":442,"type":"if","locations":[{"start":{"line":442,"column":2},"end":{"line":442,"column":2}},{"start":{"line":442,"column":2},"end":{"line":442,"column":2}}]},"49":{"line":445,"type":"if","locations":[{"start":{"line":445,"column":6},"end":{"line":445,"column":6}},{"start":{"line":445,"column":6},"end":{"line":445,"column":6}}]},"50":{"line":469,"type":"if","locations":[{"start":{"line":469,"column":4},"end":{"line":469,"column":4}},{"start":{"line":469,"column":4},"end":{"line":469,"column":4}}]},"51":{"line":472,"type":"if","locations":[{"start":{"line":472,"column":4},"end":{"line":472,"column":4}},{"start":{"line":472,"column":4},"end":{"line":472,"column":4}}]},"52":{"line":481,"type":"cond-expr","locations":[{"start":{"line":482,"column":6},"end":{"line":482,"column":33}},{"start":{"line":482,"column":36},"end":{"line":482,"column":61}}]},"53":{"line":485,"type":"if","locations":[{"start":{"line":485,"column":4},"end":{"line":485,"column":4}},{"start":{"line":485,"column":4},"end":{"line":485,"column":4}}]},"54":{"line":494,"type":"if","locations":[{"start":{"line":494,"column":4},"end":{"line":494,"column":4}},{"start":{"line":494,"column":4},"end":{"line":494,"column":4}}]},"55":{"line":497,"type":"if","locations":[{"start":{"line":497,"column":8},"end":{"line":497,"column":8}},{"start":{"line":497,"column":8},"end":{"line":497,"column":8}}]}}},"/Users/chriscates/projects/horizon/cli/src/utils/interrupt.js":{"path":"/Users/chriscates/projects/horizon/cli/src/utils/interrupt.js","s":{"1":1,"2":1,"3":4,"4":1,"5":0,"6":0,"7":0,"8":0,"9":1,"10":0,"11":0,"12":0,"13":0,"14":0,"15":0,"16":0,"17":1,"18":1,"19":1},"b":{"1":[0,0]},"f":{},"fnMap":{},"statementMap":{"1":{"start":{"line":3,"column":0},"end":{"line":3,"column":19}},"2":{"start":{"line":5,"column":0},"end":{"line":7,"column":2}},"3":{"start":{"line":6,"column":2},"end":{"line":6,"column":20}},"4":{"start":{"line":9,"column":0},"end":{"line":15,"column":2}},"5":{"start":{"line":10,"column":2},"end":{"line":14,"column":3}},"6":{"start":{"line":11,"column":4},"end":{"line":11,"column":20}},"7":{"start":{"line":13,"column":4},"end":{"line":13,"column":55}},"8":{"start":{"line":13,"column":23},"end":{"line":13,"column":53}},"9":{"start":{"line":17,"column":0},"end":{"line":24,"column":2}},"10":{"start":{"line":18,"column":2},"end":{"line":18,"column":40}},"11":{"start":{"line":19,"column":2},"end":{"line":19,"column":39}},"12":{"start":{"line":20,"column":2},"end":{"line":20,"column":47}},"13":{"start":{"line":20,"column":30},"end":{"line":20,"column":45}},"14":{"start":{"line":21,"column":2},"end":{"line":21,"column":46}},"15":{"start":{"line":21,"column":29},"end":{"line":21,"column":44}},"16":{"start":{"line":23,"column":2},"end":{"line":23,"column":17}},"17":{"start":{"line":26,"column":0},"end":{"line":26,"column":32}},"18":{"start":{"line":27,"column":0},"end":{"line":27,"column":31}},"19":{"start":{"line":29,"column":0},"end":{"line":29,"column":34}}},"branchMap":{"1":{"line":10,"type":"if","locations":[{"start":{"line":10,"column":2},"end":{"line":10,"column":2}},{"start":{"line":10,"column":2},"end":{"line":10,"column":2}}]}}},"/Users/chriscates/projects/horizon/cli/src/utils/start_rdb_server.js":{"path":"/Users/chriscates/projects/horizon/cli/src/utils/start_rdb_server.js","s":{"1":1,"2":1,"3":1,"4":1,"5":1,"6":1,"7":1,"8":1,"9":1,"10":1,"11":1,"12":0,"13":0,"14":0,"15":0,"16":0,"17":0,"18":0,"19":0,"20":0,"21":0,"22":0,"23":0,"24":0,"25":0,"26":0,"27":0,"28":0,"29":0,"30":0,"31":0,"32":0,"33":0,"34":0,"35":0,"36":0,"37":0,"38":0,"39":0,"40":0,"41":0,"42":0,"43":0,"44":0,"45":0,"46":0,"47":0,"48":0,"49":0,"50":0,"51":0,"52":0,"53":0,"54":0,"55":0,"56":0,"57":0,"58":0,"59":0,"60":0,"61":0,"62":0},"b":{"1":[0,0],"2":[0,0],"3":[0,0],"4":[0,0],"5":[0,0],"6":[0,0],"7":[0,0],"8":[0,0],"9":[0,0],"10":[0,0],"11":[0,0],"12":[0,0],"13":[0,0],"14":[0,0],"15":[0,0],"16":[0,0],"17":[0,0],"18":[0,0],"19":[0,0],"20":[0,0]},"f":{},"fnMap":{},"statementMap":{"1":{"start":{"line":3,"column":0},"end":{"line":3,"column":57}},"2":{"start":{"line":4,"column":0},"end":{"line":4,"column":41}},"3":{"start":{"line":5,"column":0},"end":{"line":5,"column":50}},"4":{"start":{"line":6,"column":0},"end":{"line":6,"column":37}},"5":{"start":{"line":7,"column":0},"end":{"line":7,"column":67}},"6":{"start":{"line":9,"column":0},"end":{"line":9,"column":51}},"7":{"start":{"line":10,"column":0},"end":{"line":10,"column":45}},"8":{"start":{"line":11,"column":0},"end":{"line":11,"column":42}},"9":{"start":{"line":13,"column":0},"end":{"line":13,"column":28}},"10":{"start":{"line":14,"column":0},"end":{"line":14,"column":40}},"11":{"start":{"line":24,"column":0},"end":{"line":121,"column":2}},"12":{"start":{"line":25,"column":2},"end":{"line":25,"column":36}},"13":{"start":{"line":26,"column":2},"end":{"line":26,"column":47}},"14":{"start":{"line":27,"column":2},"end":{"line":27,"column":52}},"15":{"start":{"line":28,"column":2},"end":{"line":28,"column":37}},"16":{"start":{"line":29,"column":2},"end":{"line":29,"column":35}},"17":{"start":{"line":30,"column":2},"end":{"line":30,"column":37}},"18":{"start":{"line":31,"column":2},"end":{"line":31,"column":45}},"19":{"start":{"line":34,"column":2},"end":{"line":36,"column":3}},"20":{"start":{"line":35,"column":4},"end":{"line":35,"column":81}},"21":{"start":{"line":39,"column":2},"end":{"line":39,"column":79}},"22":{"start":{"line":41,"column":2},"end":{"line":45,"column":42}},"23":{"start":{"line":46,"column":2},"end":{"line":46,"column":52}},"24":{"start":{"line":46,"column":25},"end":{"line":46,"column":50}},"25":{"start":{"line":48,"column":2},"end":{"line":120,"column":5}},"26":{"start":{"line":49,"column":4},"end":{"line":49,"column":45}},"27":{"start":{"line":51,"column":4},"end":{"line":54,"column":7}},"28":{"start":{"line":52,"column":6},"end":{"line":52,"column":18}},"29":{"start":{"line":53,"column":6},"end":{"line":53,"column":22}},"30":{"start":{"line":56,"column":4},"end":{"line":75,"column":7}},"31":{"start":{"line":57,"column":6},"end":{"line":74,"column":7}},"32":{"start":{"line":58,"column":8},"end":{"line":58,"column":29}},"33":{"start":{"line":59,"column":8},"end":{"line":59,"column":32}},"34":{"start":{"line":61,"column":8},"end":{"line":66,"column":11}},"35":{"start":{"line":62,"column":10},"end":{"line":65,"column":11}},"36":{"start":{"line":63,"column":12},"end":{"line":63,"column":28}},"37":{"start":{"line":64,"column":12},"end":{"line":64,"column":19}},"38":{"start":{"line":68,"column":8},"end":{"line":73,"column":26}},"39":{"start":{"line":69,"column":10},"end":{"line":72,"column":11}},"40":{"start":{"line":70,"column":12},"end":{"line":70,"column":28}},"41":{"start":{"line":71,"column":12},"end":{"line":71,"column":19}},"42":{"start":{"line":77,"column":4},"end":{"line":82,"column":7}},"43":{"start":{"line":78,"column":6},"end":{"line":81,"column":7}},"44":{"start":{"line":79,"column":8},"end":{"line":79,"column":75}},"45":{"start":{"line":80,"column":8},"end":{"line":80,"column":32}},"46":{"start":{"line":84,"column":4},"end":{"line":96,"column":6}},"47":{"start":{"line":85,"column":6},"end":{"line":95,"column":7}},"48":{"start":{"line":88,"column":8},"end":{"line":94,"column":11}},"49":{"start":{"line":98,"column":4},"end":{"line":116,"column":7}},"50":{"start":{"line":99,"column":6},"end":{"line":99,"column":47}},"51":{"start":{"line":100,"column":6},"end":{"line":107,"column":7}},"52":{"start":{"line":101,"column":8},"end":{"line":102,"column":71}},"53":{"start":{"line":103,"column":8},"end":{"line":106,"column":9}},"54":{"start":{"line":104,"column":10},"end":{"line":104,"column":44}},"55":{"start":{"line":105,"column":10},"end":{"line":105,"column":26}},"56":{"start":{"line":108,"column":6},"end":{"line":115,"column":7}},"57":{"start":{"line":109,"column":8},"end":{"line":110,"column":77}},"58":{"start":{"line":111,"column":8},"end":{"line":114,"column":9}},"59":{"start":{"line":112,"column":10},"end":{"line":112,"column":42}},"60":{"start":{"line":113,"column":10},"end":{"line":113,"column":26}},"61":{"start":{"line":118,"column":4},"end":{"line":119,"column":65}},"62":{"start":{"line":119,"column":22},"end":{"line":119,"column":63}}},"branchMap":{"1":{"line":25,"type":"binary-expr","locations":[{"start":{"line":25,"column":18},"end":{"line":25,"column":29}},{"start":{"line":25,"column":33},"end":{"line":25,"column":35}}]},"2":{"line":26,"type":"binary-expr","locations":[{"start":{"line":26,"column":15},"end":{"line":26,"column":27}},{"start":{"line":26,"column":31},"end":{"line":26,"column":46}}]},"3":{"line":27,"type":"binary-expr","locations":[{"start":{"line":27,"column":18},"end":{"line":27,"column":33}},{"start":{"line":27,"column":37},"end":{"line":27,"column":51}}]},"4":{"line":28,"type":"binary-expr","locations":[{"start":{"line":28,"column":13},"end":{"line":28,"column":23}},{"start":{"line":28,"column":27},"end":{"line":28,"column":36}}]},"5":{"line":31,"type":"binary-expr","locations":[{"start":{"line":31,"column":20},"end":{"line":31,"column":37}},{"start":{"line":31,"column":41},"end":{"line":31,"column":44}}]},"6":{"line":34,"type":"if","locations":[{"start":{"line":34,"column":2},"end":{"line":34,"column":2}},{"start":{"line":34,"column":2},"end":{"line":34,"column":2}}]},"7":{"line":41,"type":"binary-expr","locations":[{"start":{"line":41,"column":39},"end":{"line":41,"column":47}},{"start":{"line":41,"column":51},"end":{"line":41,"column":52}}]},"8":{"line":43,"type":"binary-expr","locations":[{"start":{"line":43,"column":41},"end":{"line":43,"column":51}},{"start":{"line":43,"column":55},"end":{"line":43,"column":56}}]},"9":{"line":57,"type":"if","locations":[{"start":{"line":57,"column":6},"end":{"line":57,"column":6}},{"start":{"line":57,"column":6},"end":{"line":57,"column":6}}]},"10":{"line":62,"type":"if","locations":[{"start":{"line":62,"column":10},"end":{"line":62,"column":10}},{"start":{"line":62,"column":10},"end":{"line":62,"column":10}}]},"11":{"line":69,"type":"if","locations":[{"start":{"line":69,"column":10},"end":{"line":69,"column":10}},{"start":{"line":69,"column":10},"end":{"line":69,"column":10}}]},"12":{"line":78,"type":"if","locations":[{"start":{"line":78,"column":6},"end":{"line":78,"column":6}},{"start":{"line":78,"column":6},"end":{"line":78,"column":6}}]},"13":{"line":85,"type":"if","locations":[{"start":{"line":85,"column":6},"end":{"line":85,"column":6}},{"start":{"line":85,"column":6},"end":{"line":85,"column":6}}]},"14":{"line":85,"type":"binary-expr","locations":[{"start":{"line":85,"column":10},"end":{"line":85,"column":32}},{"start":{"line":85,"column":36},"end":{"line":85,"column":60}}]},"15":{"line":100,"type":"if","locations":[{"start":{"line":100,"column":6},"end":{"line":100,"column":6}},{"start":{"line":100,"column":6},"end":{"line":100,"column":6}}]},"16":{"line":103,"type":"if","locations":[{"start":{"line":103,"column":8},"end":{"line":103,"column":8}},{"start":{"line":103,"column":8},"end":{"line":103,"column":8}}]},"17":{"line":103,"type":"binary-expr","locations":[{"start":{"line":103,"column":12},"end":{"line":103,"column":28}},{"start":{"line":103,"column":32},"end":{"line":103,"column":52}}]},"18":{"line":108,"type":"if","locations":[{"start":{"line":108,"column":6},"end":{"line":108,"column":6}},{"start":{"line":108,"column":6},"end":{"line":108,"column":6}}]},"19":{"line":111,"type":"if","locations":[{"start":{"line":111,"column":8},"end":{"line":111,"column":8}},{"start":{"line":111,"column":8},"end":{"line":111,"column":8}}]},"20":{"line":111,"type":"binary-expr","locations":[{"start":{"line":111,"column":12},"end":{"line":111,"column":28}},{"start":{"line":111,"column":32},"end":{"line":111,"column":52}}]}}},"/Users/chriscates/projects/horizon/cli/src/utils/each_line_in_pipe.js":{"path":"/Users/chriscates/projects/horizon/cli/src/utils/each_line_in_pipe.js","s":{"1":1,"2":0,"3":0,"4":0,"5":0,"6":0,"7":0,"8":0,"9":0,"10":0},"b":{},"f":{},"fnMap":{},"statementMap":{"1":{"start":{"line":3,"column":0},"end":{"line":16,"column":2}},"2":{"start":{"line":4,"column":2},"end":{"line":4,"column":18}},"3":{"start":{"line":5,"column":2},"end":{"line":15,"column":5}},"4":{"start":{"line":6,"column":4},"end":{"line":6,"column":30}},"5":{"start":{"line":8,"column":4},"end":{"line":8,"column":43}},"6":{"start":{"line":9,"column":4},"end":{"line":14,"column":5}},"7":{"start":{"line":10,"column":6},"end":{"line":10,"column":48}},"8":{"start":{"line":11,"column":6},"end":{"line":11,"column":45}},"9":{"start":{"line":12,"column":6},"end":{"line":12,"column":21}},"10":{"start":{"line":13,"column":6},"end":{"line":13,"column":41}}},"branchMap":{}},"/Users/chriscates/projects/horizon/cli/src/init.js":{"path":"/Users/chriscates/projects/horizon/cli/src/init.js","s":{"1":1,"2":1,"3":1,"4":1,"5":8,"6":1,"7":8,"8":1,"9":0,"10":1,"11":39,"12":39,"13":1,"14":1,"15":38,"16":1,"17":0,"18":1,"19":8,"20":6,"21":6,"22":6,"23":2,"24":2,"25":8,"26":8,"27":8,"28":8,"29":8,"30":8,"31":8,"32":8,"33":8,"34":1},"b":{"1":[6,2],"2":[8,7],"3":[8,0],"4":[8,0],"5":[8,0],"6":[8,0]},"f":{},"fnMap":{},"statementMap":{"1":{"start":{"line":3,"column":0},"end":{"line":3,"column":25}},"2":{"start":{"line":4,"column":0},"end":{"line":4,"column":33}},"3":{"start":{"line":5,"column":0},"end":{"line":5,"column":29}},"4":{"start":{"line":7,"column":0},"end":{"line":25,"column":2}},"5":{"start":{"line":7,"column":39},"end":{"line":25,"column":1}},"6":{"start":{"line":27,"column":0},"end":{"line":121,"column":2}},"7":{"start":{"line":27,"column":43},"end":{"line":121,"column":1}},"8":{"start":{"line":123,"column":0},"end":{"line":130,"column":2}},"9":{"start":{"line":124,"column":2},"end":{"line":129,"column":4}},"10":{"start":{"line":132,"column":0},"end":{"line":140,"column":2}},"11":{"start":{"line":133,"column":2},"end":{"line":139,"column":3}},"12":{"start":{"line":134,"column":4},"end":{"line":134,"column":26}},"13":{"start":{"line":135,"column":4},"end":{"line":135,"column":57}},"14":{"start":{"line":136,"column":4},"end":{"line":136,"column":20}},"15":{"start":{"line":138,"column":4},"end":{"line":138,"column":16}},"16":{"start":{"line":142,"column":0},"end":{"line":142,"column":41}},"17":{"start":{"line":142,"column":34},"end":{"line":142,"column":40}},"18":{"start":{"line":144,"column":0},"end":{"line":171,"column":2}},"19":{"start":{"line":145,"column":2},"end":{"line":152,"column":3}},"20":{"start":{"line":146,"column":4},"end":{"line":146,"column":37}},"21":{"start":{"line":147,"column":4},"end":{"line":147,"column":72}},"22":{"start":{"line":148,"column":4},"end":{"line":148,"column":38}},"23":{"start":{"line":150,"column":4},"end":{"line":150,"column":54}},"24":{"start":{"line":151,"column":4},"end":{"line":151,"column":62}},"25":{"start":{"line":154,"column":2},"end":{"line":156,"column":3}},"26":{"start":{"line":155,"column":4},"end":{"line":155,"column":24}},"27":{"start":{"line":157,"column":2},"end":{"line":160,"column":3}},"28":{"start":{"line":158,"column":4},"end":{"line":158,"column":25}},"29":{"start":{"line":159,"column":4},"end":{"line":159,"column":78}},"30":{"start":{"line":161,"column":2},"end":{"line":163,"column":3}},"31":{"start":{"line":162,"column":4},"end":{"line":162,"column":24}},"32":{"start":{"line":164,"column":2},"end":{"line":170,"column":3}},"33":{"start":{"line":165,"column":4},"end":{"line":169,"column":7}},"34":{"start":{"line":174,"column":0},"end":{"line":178,"column":2}}},"branchMap":{"1":{"line":145,"type":"if","locations":[{"start":{"line":145,"column":2},"end":{"line":145,"column":2}},{"start":{"line":145,"column":2},"end":{"line":145,"column":2}}]},"2":{"line":145,"type":"binary-expr","locations":[{"start":{"line":145,"column":6},"end":{"line":145,"column":32}},{"start":{"line":145,"column":36},"end":{"line":145,"column":71}}]},"3":{"line":154,"type":"if","locations":[{"start":{"line":154,"column":2},"end":{"line":154,"column":2}},{"start":{"line":154,"column":2},"end":{"line":154,"column":2}}]},"4":{"line":157,"type":"if","locations":[{"start":{"line":157,"column":2},"end":{"line":157,"column":2}},{"start":{"line":157,"column":2},"end":{"line":157,"column":2}}]},"5":{"line":161,"type":"if","locations":[{"start":{"line":161,"column":2},"end":{"line":161,"column":2}},{"start":{"line":161,"column":2},"end":{"line":161,"column":2}}]},"6":{"line":164,"type":"if","locations":[{"start":{"line":164,"column":2},"end":{"line":164,"column":2}},{"start":{"line":164,"column":2},"end":{"line":164,"column":2}}]}}},"/Users/chriscates/projects/horizon/cli/src/version.js":{"path":"/Users/chriscates/projects/horizon/cli/src/version.js","s":{"1":1,"2":1,"3":1,"4":1},"b":{},"f":{},"fnMap":{},"statementMap":{"1":{"start":{"line":3,"column":0},"end":{"line":3,"column":48}},"2":{"start":{"line":5,"column":0},"end":{"line":7,"column":2}},"3":{"start":{"line":6,"column":2},"end":{"line":6,"column":37}},"4":{"start":{"line":9,"column":0},"end":{"line":11,"column":2}}},"branchMap":{}}}