TN:
SF:/Users/chriscates/projects/horizon/cli/src/serve.js
FNF:0
FNH:0
DA:3,1
DA:4,1
DA:6,1
DA:7,1
DA:8,1
DA:9,1
DA:10,1
DA:11,1
DA:12,1
DA:13,1
DA:15,1
DA:17,1
DA:18,1
DA:22,1
DA:26,1
DA:30,1
DA:34,1
DA:38,1
DA:42,1
DA:46,1
DA:50,1
DA:54,1
DA:58,1
DA:63,1
DA:67,1
DA:71,1
DA:75,1
DA:81,1
DA:90,1
DA:94,1
DA:98,1
DA:103,1
DA:105,47
DA:134,1
DA:139,1
DA:140,0
DA:141,0
DA:142,0
DA:143,0
DA:145,0
DA:146,0
DA:147,0
DA:148,0
DA:149,0
DA:150,0
DA:151,0
DA:152,0
DA:153,0
DA:155,0
DA:156,0
DA:158,0
DA:159,0
DA:161,0
DA:163,0
DA:166,0
DA:167,0
DA:174,1
DA:175,0
DA:177,0
DA:178,0
DA:179,0
DA:181,0
DA:186,1
DA:187,4
DA:188,4
DA:189,4
DA:190,4
DA:191,0
DA:192,0
DA:193,0
DA:194,0
DA:195,0
DA:197,0
DA:198,0
DA:200,0
DA:201,0
DA:204,0
DA:205,0
DA:207,0
DA:213,1
DA:214,4
DA:215,4
DA:218,1
DA:219,0
DA:220,0
DA:222,0
DA:227,1
DA:228,0
DA:229,0
DA:230,0
DA:233,1
DA:234,13
DA:235,13
DA:236,0
DA:237,13
DA:238,10
DA:239,10
DA:240,10
DA:241,3
DA:244,3
DA:248,1
DA:249,46
DA:251,46
DA:252,46
DA:254,36
DA:257,10
DA:258,10
DA:260,10
DA:264,36
DA:265,36
DA:266,28
DA:267,5
DA:268,23
DA:269,22
DA:271,1
DA:275,33
DA:278,1
DA:279,1
DA:280,42
DA:282,42
DA:283,6205
DA:284,6205
DA:285,31
DA:286,31
DA:287,31
DA:289,31
DA:290,19
DA:293,31
DA:294,4
DA:295,27
DA:296,1
DA:297,26
DA:298,6
DA:300,6
DA:301,3
DA:302,3
DA:303,3
DA:305,20
DA:306,19
DA:311,40
DA:314,1
DA:315,39
DA:318,39
DA:319,0
DA:320,0
DA:321,0
DA:322,0
DA:323,0
DA:324,0
DA:325,0
DA:326,0
DA:329,39
DA:330,0
DA:334,39
DA:343,39
DA:344,312
DA:345,11
DA:350,39
DA:351,4
DA:354,37
DA:355,0
DA:359,37
DA:360,0
DA:362,37
DA:363,1
DA:365,37
DA:366,0
DA:370,37
DA:371,2
DA:372,2
DA:373,0
DA:375,2
DA:378,37
DA:381,1
DA:382,120
DA:383,3
DA:386,117
DA:387,175
DA:388,4
DA:391,175
DA:392,117
DA:393,7
DA:394,7
DA:395,14
DA:399,58
DA:403,117
DA:408,1
DA:409,46
DA:411,46
DA:412,46
DA:413,42
DA:414,39
DA:416,36
DA:419,1
DA:420,0
DA:421,0
DA:437,1
DA:438,4
DA:439,0
DA:442,4
DA:443,2
DA:445,2
DA:446,1
DA:449,1
DA:450,1
DA:451,1
DA:454,2
DA:456,2
DA:459,1
DA:461,1
DA:462,1
DA:466,4
DA:468,4
DA:469,0
DA:470,0
DA:472,0
DA:473,0
DA:474,0
DA:477,0
DA:480,4
DA:484,0
DA:485,0
DA:486,0
DA:488,0
DA:492,0
DA:494,0
DA:495,0
DA:496,0
DA:497,0
DA:498,0
DA:500,0
DA:507,1
LF:232
LH:154
BRDA:141,1,0,0
BRDA:141,1,1,0
BRDA:146,2,0,0
BRDA:146,2,1,0
BRDA:149,3,0,0
BRDA:149,3,1,0
BRDA:151,4,0,0
BRDA:151,4,1,0
BRDA:155,5,0,0
BRDA:155,5,1,0
BRDA:158,6,0,0
BRDA:158,6,1,0
BRDA:166,7,0,0
BRDA:166,7,1,0
BRDA:177,8,0,0
BRDA:177,8,1,0
BRDA:177,9,0,0
BRDA:177,9,1,0
BRDA:179,10,0,0
BRDA:179,10,1,0
BRDA:193,11,0,0
BRDA:193,11,1,0
BRDA:200,12,0,0
BRDA:200,12,1,0
BRDA:206,13,0,0
BRDA:206,13,1,0
BRDA:235,14,0,0
BRDA:235,14,1,13
BRDA:237,15,0,10
BRDA:237,15,1,3
BRDA:240,16,0,3
BRDA:240,16,1,7
BRDA:240,17,0,10
BRDA:240,17,1,7
BRDA:240,17,2,7
BRDA:252,18,0,36
BRDA:252,18,1,10
BRDA:266,19,0,5
BRDA:266,19,1,23
BRDA:268,20,0,22
BRDA:268,20,1,1
BRDA:284,21,0,31
BRDA:284,21,1,6174
BRDA:284,22,0,6205
BRDA:284,22,1,31
BRDA:289,23,0,19
BRDA:289,23,1,12
BRDA:293,24,0,4
BRDA:293,24,1,27
BRDA:295,25,0,1
BRDA:295,25,1,26
BRDA:297,26,0,6
BRDA:297,26,1,20
BRDA:297,27,0,26
BRDA:297,27,1,6
BRDA:298,28,0,6
BRDA:298,28,1,3
BRDA:300,29,0,3
BRDA:300,29,1,3
BRDA:302,30,0,3
BRDA:302,30,1,0
BRDA:305,31,0,19
BRDA:305,31,1,1
BRDA:318,32,0,0
BRDA:318,32,1,39
BRDA:329,33,0,0
BRDA:329,33,1,39
BRDA:344,34,0,11
BRDA:344,34,1,301
BRDA:350,35,0,4
BRDA:350,35,1,35
BRDA:354,36,0,0
BRDA:354,36,1,37
BRDA:359,37,0,0
BRDA:359,37,1,37
BRDA:362,38,0,1
BRDA:362,38,1,36
BRDA:365,39,0,0
BRDA:365,39,1,37
BRDA:365,40,0,37
BRDA:365,40,1,1
BRDA:372,41,0,0
BRDA:372,41,1,2
BRDA:382,42,0,3
BRDA:382,42,1,117
BRDA:382,43,0,120
BRDA:382,43,1,5
BRDA:387,44,0,4
BRDA:387,44,1,171
BRDA:391,45,0,117
BRDA:391,45,1,58
BRDA:393,46,0,7
BRDA:393,46,1,5
BRDA:438,47,0,0
BRDA:438,47,1,4
BRDA:442,48,0,2
BRDA:442,48,1,2
BRDA:445,49,0,1
BRDA:445,49,1,0
BRDA:469,50,0,0
BRDA:469,50,1,0
BRDA:472,51,0,0
BRDA:472,51,1,0
BRDA:481,52,0,4
BRDA:481,52,1,0
BRDA:485,53,0,0
BRDA:485,53,1,0
BRDA:494,54,0,0
BRDA:494,54,1,0
BRDA:497,55,0,0
BRDA:497,55,1,0
BRF:111
BRH:64
end_of_record
TN:
SF:/Users/chriscates/projects/horizon/cli/src/utils/interrupt.js
FNF:0
FNH:0
DA:3,1
DA:5,1
DA:6,4
DA:9,1
DA:10,0
DA:11,0
DA:13,0
DA:17,1
DA:18,0
DA:19,0
DA:20,0
DA:21,0
DA:23,0
DA:26,1
DA:27,1
DA:29,1
LF:16
LH:8
BRDA:10,1,0,0
BRDA:10,1,1,0
BRF:2
BRH:0
end_of_record
TN:
SF:/Users/chriscates/projects/horizon/cli/src/utils/start_rdb_server.js
FNF:0
FNH:0
DA:3,1
DA:4,1
DA:5,1
DA:6,1
DA:7,1
DA:9,1
DA:10,1
DA:11,1
DA:13,1
DA:14,1
DA:24,1
DA:25,0
DA:26,0
DA:27,0
DA:28,0
DA:29,0
DA:30,0
DA:31,0
DA:34,0
DA:35,0
DA:39,0
DA:41,0
DA:46,0
DA:48,0
DA:49,0
DA:51,0
DA:52,0
DA:53,0
DA:56,0
DA:57,0
DA:58,0
DA:59,0
DA:61,0
DA:62,0
DA:63,0
DA:64,0
DA:68,0
DA:69,0
DA:70,0
DA:71,0
DA:77,0
DA:78,0
DA:79,0
DA:80,0
DA:84,0
DA:85,0
DA:88,0
DA:98,0
DA:99,0
DA:100,0
DA:101,0
DA:103,0
DA:104,0
DA:105,0
DA:108,0
DA:109,0
DA:111,0
DA:112,0
DA:113,0
DA:118,0
DA:119,0
LF:61
LH:11
BRDA:25,1,0,0
BRDA:25,1,1,0
BRDA:26,2,0,0
BRDA:26,2,1,0
BRDA:27,3,0,0
BRDA:27,3,1,0
BRDA:28,4,0,0
BRDA:28,4,1,0
BRDA:31,5,0,0
BRDA:31,5,1,0
BRDA:34,6,0,0
BRDA:34,6,1,0
BRDA:41,7,0,0
BRDA:41,7,1,0
BRDA:43,8,0,0
BRDA:43,8,1,0
BRDA:57,9,0,0
BRDA:57,9,1,0
BRDA:62,10,0,0
BRDA:62,10,1,0
BRDA:69,11,0,0
BRDA:69,11,1,0
BRDA:78,12,0,0
BRDA:78,12,1,0
BRDA:85,13,0,0
BRDA:85,13,1,0
BRDA:85,14,0,0
BRDA:85,14,1,0
BRDA:100,15,0,0
BRDA:100,15,1,0
BRDA:103,16,0,0
BRDA:103,16,1,0
BRDA:103,17,0,0
BRDA:103,17,1,0
BRDA:108,18,0,0
BRDA:108,18,1,0
BRDA:111,19,0,0
BRDA:111,19,1,0
BRDA:111,20,0,0
BRDA:111,20,1,0
BRF:40
BRH:0
end_of_record
TN:
SF:/Users/chriscates/projects/horizon/cli/src/utils/each_line_in_pipe.js
FNF:0
FNH:0
DA:3,1
DA:4,0
DA:5,0
DA:6,0
DA:8,0
DA:9,0
DA:10,0
DA:11,0
DA:12,0
DA:13,0
LF:10
LH:1
BRF:0
BRH:0
end_of_record
TN:
SF:/Users/chriscates/projects/horizon/cli/src/init.js
FNF:0
FNH:0
DA:3,1
DA:4,1
DA:5,1
DA:7,8
DA:27,8
DA:123,1
DA:124,0
DA:132,1
DA:133,39
DA:134,39
DA:135,1
DA:136,1
DA:138,38
DA:142,1
DA:144,1
DA:145,8
DA:146,6
DA:147,6
DA:148,6
DA:150,2
DA:151,2
DA:154,8
DA:155,8
DA:157,8
DA:158,8
DA:159,8
DA:161,8
DA:162,8
DA:164,8
DA:165,8
DA:174,1
LF:31
LH:30
BRDA:145,1,0,6
BRDA:145,1,1,2
BRDA:145,2,0,8
BRDA:145,2,1,7
BRDA:154,3,0,8
BRDA:154,3,1,0
BRDA:157,4,0,8
BRDA:157,4,1,0
BRDA:161,5,0,8
BRDA:161,5,1,0
BRDA:164,6,0,8
BRDA:164,6,1,0
BRF:12
BRH:8
end_of_record
TN:
SF:/Users/chriscates/projects/horizon/cli/src/version.js
FNF:0
FNH:0
DA:3,1
DA:5,1
DA:6,1
DA:9,1
LF:4
LH:4
BRF:0
BRH:0
end_of_record
