{"/Users/chriscates/projects/horizon/server/src/logger.js":{"path":"/Users/chriscates/projects/horizon/server/src/logger.js","s":{"1":1,"2":1},"b":{},"f":{},"fnMap":{},"statementMap":{"1":{"start":{"line":3,"column":0},"end":{"line":3,"column":35}},"2":{"start":{"line":5,"column":0},"end":{"line":5,"column":25}}},"branchMap":{}},"/Users/chriscates/projects/horizon/server/src/server.js":{"path":"/Users/chriscates/projects/horizon/server/src/server.js","s":{"1":1,"2":1,"3":1,"4":1,"5":1,"6":1,"7":1,"8":1,"9":1,"10":1,"11":1,"12":1,"13":1,"14":1,"15":1,"16":1,"17":1,"18":0,"19":0,"20":0,"21":0,"22":0,"23":1,"24":0,"25":0,"26":0,"27":0,"28":0,"29":0,"30":0,"31":0,"32":0,"33":0,"34":0,"35":0,"36":0,"37":0,"38":0,"39":0,"40":0,"41":0,"42":0,"43":0,"44":0,"45":0,"46":0,"47":0,"48":0,"49":0,"50":0,"51":0,"52":0,"53":0,"54":0,"55":0,"56":0,"57":0,"58":0,"59":0,"60":0,"61":0,"62":0,"63":0,"64":0,"65":0,"66":0,"67":0,"68":0,"69":0,"70":0,"71":0,"72":0,"73":0,"74":0,"75":0,"76":0,"77":0,"78":0,"79":0,"80":0,"81":0,"82":0,"83":0,"84":0,"85":0,"86":0,"87":0,"88":0,"89":0,"90":0,"91":0,"92":0,"93":0,"94":0,"95":0,"96":0,"97":0,"98":0,"99":0,"100":0,"101":0,"102":0,"103":0,"104":0,"105":0,"106":0,"107":0,"108":0,"109":0,"110":0,"111":1},"b":{"1":[0,0],"2":[0,0],"3":[0,0],"4":[0,0],"5":[0,0],"6":[0,0],"7":[0,0],"8":[0,0],"9":[0,0],"10":[0,0]},"f":{"1":0,"2":0,"3":0,"4":0,"5":0,"6":0,"7":0,"8":0,"9":0},"fnMap":{"1":{"name":"(anonymous_1)","line":64,"loc":{"start":{"line":64,"column":13},"end":{"line":64,"column":39}}},"2":{"name":"(anonymous_2)","line":148,"loc":{"start":{"line":148,"column":21},"end":{"line":148,"column":64}}},"3":{"name":"(anonymous_3)","line":155,"loc":{"start":{"line":155,"column":21},"end":{"line":155,"column":31}}},"4":{"name":"(anonymous_4)","line":164,"loc":{"start":{"line":164,"column":24},"end":{"line":164,"column":39}}},"5":{"name":"(anonymous_5)","line":168,"loc":{"start":{"line":168,"column":18},"end":{"line":168,"column":38}}},"6":{"name":"(anonymous_6)","line":175,"loc":{"start":{"line":175,"column":21},"end":{"line":175,"column":32}}},"7":{"name":"(anonymous_7)","line":179,"loc":{"start":{"line":179,"column":19},"end":{"line":179,"column":39}}},"8":{"name":"(anonymous_8)","line":187,"loc":{"start":{"line":187,"column":7},"end":{"line":187,"column":10}}},"9":{"name":"(anonymous_9)","line":191,"loc":{"start":{"line":191,"column":7},"end":{"line":191,"column":10}}}},"statementMap":{"1":{"start":{"line":3,"column":0},"end":{"line":3,"column":36}},"2":{"start":{"line":4,"column":0},"end":{"line":4,"column":39}},"3":{"start":{"line":5,"column":0},"end":{"line":5,"column":42}},"4":{"start":{"line":6,"column":0},"end":{"line":6,"column":67}},"5":{"start":{"line":7,"column":0},"end":{"line":7,"column":35}},"6":{"start":{"line":8,"column":0},"end":{"line":8,"column":62}},"7":{"start":{"line":9,"column":0},"end":{"line":9,"column":65}},"8":{"start":{"line":13,"column":0},"end":{"line":13,"column":76}},"9":{"start":{"line":15,"column":0},"end":{"line":24,"column":2}},"10":{"start":{"line":26,"column":0},"end":{"line":26,"column":33}},"11":{"start":{"line":27,"column":0},"end":{"line":27,"column":25}},"12":{"start":{"line":28,"column":0},"end":{"line":28,"column":27}},"13":{"start":{"line":29,"column":0},"end":{"line":29,"column":27}},"14":{"start":{"line":30,"column":0},"end":{"line":30,"column":32}},"15":{"start":{"line":31,"column":0},"end":{"line":31,"column":39}},"16":{"start":{"line":33,"column":0},"end":{"line":33,"column":45}},"17":{"start":{"line":35,"column":0},"end":{"line":42,"column":2}},"18":{"start":{"line":36,"column":2},"end":{"line":41,"column":3}},"19":{"start":{"line":36,"column":33},"end":{"line":36,"column":52}},"20":{"start":{"line":37,"column":4},"end":{"line":37,"column":28}},"21":{"start":{"line":39,"column":4},"end":{"line":39,"column":89}},"22":{"start":{"line":40,"column":4},"end":{"line":40,"column":20}},"23":{"start":{"line":44,"column":0},"end":{"line":61,"column":2}},"24":{"start":{"line":45,"column":2},"end":{"line":60,"column":5}},"25":{"start":{"line":46,"column":4},"end":{"line":59,"column":5}},"26":{"start":{"line":47,"column":6},"end":{"line":47,"column":59}},"27":{"start":{"line":48,"column":6},"end":{"line":48,"column":44}},"28":{"start":{"line":50,"column":6},"end":{"line":58,"column":9}},"29":{"start":{"line":51,"column":8},"end":{"line":57,"column":9}},"30":{"start":{"line":52,"column":10},"end":{"line":52,"column":63}},"31":{"start":{"line":53,"column":10},"end":{"line":53,"column":30}},"32":{"start":{"line":55,"column":10},"end":{"line":55,"column":29}},"33":{"start":{"line":56,"column":10},"end":{"line":56,"column":34}},"34":{"start":{"line":65,"column":4},"end":{"line":65,"column":63}},"35":{"start":{"line":66,"column":4},"end":{"line":66,"column":27}},"36":{"start":{"line":67,"column":4},"end":{"line":67,"column":25}},"37":{"start":{"line":68,"column":4},"end":{"line":68,"column":29}},"38":{"start":{"line":69,"column":4},"end":{"line":69,"column":39}},"39":{"start":{"line":70,"column":4},"end":{"line":70,"column":36}},"40":{"start":{"line":71,"column":4},"end":{"line":71,"column":33}},"41":{"start":{"line":72,"column":4},"end":{"line":72,"column":30}},"42":{"start":{"line":73,"column":4},"end":{"line":78,"column":56}},"43":{"start":{"line":79,"column":4},"end":{"line":79,"column":43}},"44":{"start":{"line":80,"column":4},"end":{"line":82,"column":5}},"45":{"start":{"line":81,"column":6},"end":{"line":81,"column":94}},"46":{"start":{"line":84,"column":4},"end":{"line":91,"column":6}},"47":{"start":{"line":86,"column":6},"end":{"line":90,"column":7}},"48":{"start":{"line":87,"column":8},"end":{"line":87,"column":62}},"49":{"start":{"line":89,"column":8},"end":{"line":89,"column":17}},"50":{"start":{"line":93,"column":4},"end":{"line":94,"column":55}},"51":{"start":{"line":96,"column":4},"end":{"line":100,"column":6}},"52":{"start":{"line":97,"column":6},"end":{"line":99,"column":65}},"53":{"start":{"line":98,"column":32},"end":{"line":98,"column":80}},"54":{"start":{"line":99,"column":38},"end":{"line":99,"column":62}},"55":{"start":{"line":102,"column":4},"end":{"line":102,"column":60}},"56":{"start":{"line":103,"column":4},"end":{"line":125,"column":6}},"57":{"start":{"line":105,"column":6},"end":{"line":105,"column":68}},"58":{"start":{"line":106,"column":6},"end":{"line":106,"column":43}},"59":{"start":{"line":107,"column":6},"end":{"line":124,"column":9}},"60":{"start":{"line":108,"column":8},"end":{"line":108,"column":53}},"61":{"start":{"line":109,"column":8},"end":{"line":116,"column":9}},"62":{"start":{"line":110,"column":10},"end":{"line":110,"column":62}},"63":{"start":{"line":111,"column":10},"end":{"line":111,"column":60}},"64":{"start":{"line":112,"column":10},"end":{"line":115,"column":11}},"65":{"start":{"line":113,"column":12},"end":{"line":113,"column":82}},"66":{"start":{"line":114,"column":12},"end":{"line":114,"column":37}},"67":{"start":{"line":117,"column":8},"end":{"line":123,"column":9}},"68":{"start":{"line":118,"column":10},"end":{"line":118,"column":31}},"69":{"start":{"line":119,"column":10},"end":{"line":119,"column":39}},"70":{"start":{"line":120,"column":10},"end":{"line":120,"column":20}},"71":{"start":{"line":122,"column":10},"end":{"line":122,"column":68}},"72":{"start":{"line":122,"column":42},"end":{"line":122,"column":66}},"73":{"start":{"line":127,"column":4},"end":{"line":129,"column":7}},"74":{"start":{"line":128,"column":6},"end":{"line":128,"column":43}},"75":{"start":{"line":131,"column":4},"end":{"line":133,"column":7}},"76":{"start":{"line":132,"column":6},"end":{"line":132,"column":52}},"77":{"start":{"line":135,"column":4},"end":{"line":138,"column":7}},"78":{"start":{"line":136,"column":6},"end":{"line":136,"column":65}},"79":{"start":{"line":137,"column":6},"end":{"line":137,"column":50}},"80":{"start":{"line":140,"column":4},"end":{"line":145,"column":5}},"81":{"start":{"line":141,"column":6},"end":{"line":141,"column":34}},"82":{"start":{"line":142,"column":6},"end":{"line":142,"column":38}},"83":{"start":{"line":144,"column":6},"end":{"line":144,"column":79}},"84":{"start":{"line":144,"column":36},"end":{"line":144,"column":53}},"85":{"start":{"line":144,"column":54},"end":{"line":144,"column":75}},"86":{"start":{"line":149,"column":4},"end":{"line":149,"column":36}},"87":{"start":{"line":150,"column":4},"end":{"line":150,"column":42}},"88":{"start":{"line":151,"column":4},"end":{"line":151,"column":67}},"89":{"start":{"line":152,"column":4},"end":{"line":152,"column":105}},"90":{"start":{"line":156,"column":4},"end":{"line":156,"column":67}},"91":{"start":{"line":157,"column":4},"end":{"line":157,"column":84}},"92":{"start":{"line":157,"column":33},"end":{"line":157,"column":82}},"93":{"start":{"line":159,"column":4},"end":{"line":159,"column":66}},"94":{"start":{"line":160,"column":4},"end":{"line":160,"column":93}},"95":{"start":{"line":161,"column":4},"end":{"line":161,"column":19}},"96":{"start":{"line":165,"column":4},"end":{"line":165,"column":55}},"97":{"start":{"line":169,"column":4},"end":{"line":169,"column":68}},"98":{"start":{"line":170,"column":4},"end":{"line":170,"column":46}},"99":{"start":{"line":171,"column":4},"end":{"line":171,"column":69}},"100":{"start":{"line":172,"column":4},"end":{"line":172,"column":47}},"101":{"start":{"line":176,"column":4},"end":{"line":176,"column":48}},"102":{"start":{"line":180,"column":4},"end":{"line":180,"column":26}},"103":{"start":{"line":181,"column":4},"end":{"line":181,"column":25}},"104":{"start":{"line":182,"column":4},"end":{"line":182,"column":69}},"105":{"start":{"line":183,"column":4},"end":{"line":183,"column":72}},"106":{"start":{"line":184,"column":4},"end":{"line":184,"column":28}},"107":{"start":{"line":188,"column":4},"end":{"line":188,"column":35}},"108":{"start":{"line":192,"column":4},"end":{"line":192,"column":47}},"109":{"start":{"line":192,"column":36},"end":{"line":192,"column":45}},"110":{"start":{"line":193,"column":4},"end":{"line":193,"column":28}},"111":{"start":{"line":197,"column":0},"end":{"line":200,"column":2}}},"branchMap":{"1":{"line":36,"type":"if","locations":[{"start":{"line":36,"column":2},"end":{"line":36,"column":2}},{"start":{"line":36,"column":2},"end":{"line":36,"column":2}}]},"2":{"line":46,"type":"if","locations":[{"start":{"line":46,"column":4},"end":{"line":46,"column":4}},{"start":{"line":46,"column":4},"end":{"line":46,"column":4}}]},"3":{"line":51,"type":"if","locations":[{"start":{"line":51,"column":8},"end":{"line":51,"column":8}},{"start":{"line":51,"column":8},"end":{"line":51,"column":8}}]},"4":{"line":65,"type":"binary-expr","locations":[{"start":{"line":65,"column":29},"end":{"line":65,"column":38}},{"start":{"line":65,"column":42},"end":{"line":65,"column":45}}]},"5":{"line":86,"type":"if","locations":[{"start":{"line":86,"column":6},"end":{"line":86,"column":6}},{"start":{"line":86,"column":6},"end":{"line":86,"column":6}}]},"6":{"line":109,"type":"if","locations":[{"start":{"line":109,"column":8},"end":{"line":109,"column":8}},{"start":{"line":109,"column":8},"end":{"line":109,"column":8}}]},"7":{"line":112,"type":"if","locations":[{"start":{"line":112,"column":10},"end":{"line":112,"column":10}},{"start":{"line":112,"column":10},"end":{"line":112,"column":10}}]},"8":{"line":117,"type":"if","locations":[{"start":{"line":117,"column":8},"end":{"line":117,"column":8}},{"start":{"line":117,"column":8},"end":{"line":117,"column":8}}]},"9":{"line":140,"type":"if","locations":[{"start":{"line":140,"column":4},"end":{"line":140,"column":4}},{"start":{"line":140,"column":4},"end":{"line":140,"column":4}}]},"10":{"line":157,"type":"if","locations":[{"start":{"line":157,"column":4},"end":{"line":157,"column":4}},{"start":{"line":157,"column":4},"end":{"line":157,"column":4}}]}}},"/Users/chriscates/projects/horizon/server/src/auth.js":{"path":"/Users/chriscates/projects/horizon/server/src/auth.js","s":{"1":1,"2":1,"3":1,"4":1,"5":1,"6":1,"7":1,"8":1,"9":1,"10":0,"11":0,"12":0,"13":0,"14":0,"15":0,"16":0,"17":0,"18":0,"19":0,"20":0,"21":0,"22":0,"23":0,"24":0,"25":0,"26":0,"27":0,"28":0,"29":0,"30":0,"31":0,"32":0,"33":0,"34":0,"35":0,"36":0,"37":0,"38":0,"39":0,"40":0,"41":0,"42":0,"43":0,"44":0,"45":0,"46":0,"47":0,"48":0,"49":0,"50":0,"51":0,"52":0,"53":0,"54":0,"55":0,"56":0,"57":0,"58":0,"59":0,"60":0,"61":0,"62":0,"63":0,"64":0,"65":1},"b":{"1":[0,0],"2":[0,0,0],"3":[0,0],"4":[0,0],"5":[0,0],"6":[0,0],"7":[0,0],"8":[0,0],"9":[0,0],"10":[0,0],"11":[0,0],"12":[0,0],"13":[0,0],"14":[0,0],"15":[0,0],"16":[0,0]},"f":{"1":0,"2":0,"3":0,"4":0,"5":0,"6":0,"7":0},"fnMap":{"1":{"name":"(anonymous_1)","line":23,"loc":{"start":{"line":23,"column":13},"end":{"line":23,"column":36}}},"2":{"name":"(anonymous_2)","line":45,"loc":{"start":{"line":45,"column":16},"end":{"line":45,"column":33}}},"3":{"name":"(anonymous_3)","line":53,"loc":{"start":{"line":53,"column":14},"end":{"line":53,"column":35}}},"4":{"name":"(anonymous_4)","line":90,"loc":{"start":{"line":90,"column":19},"end":{"line":90,"column":24}}},"5":{"name":"(anonymous_5)","line":108,"loc":{"start":{"line":108,"column":21},"end":{"line":108,"column":26}}},"6":{"name":"(anonymous_6)","line":116,"loc":{"start":{"line":116,"column":12},"end":{"line":116,"column":24}}},"7":{"name":"(anonymous_7)","line":137,"loc":{"start":{"line":137,"column":11},"end":{"line":137,"column":23}}}},"statementMap":{"1":{"start":{"line":3,"column":0},"end":{"line":3,"column":35}},"2":{"start":{"line":4,"column":0},"end":{"line":4,"column":63}},"3":{"start":{"line":6,"column":0},"end":{"line":6,"column":33}},"4":{"start":{"line":7,"column":0},"end":{"line":7,"column":33}},"5":{"start":{"line":8,"column":0},"end":{"line":8,"column":27}},"6":{"start":{"line":9,"column":0},"end":{"line":9,"column":36}},"7":{"start":{"line":10,"column":0},"end":{"line":10,"column":31}},"8":{"start":{"line":11,"column":0},"end":{"line":11,"column":27}},"9":{"start":{"line":14,"column":0},"end":{"line":20,"column":2}},"10":{"start":{"line":15,"column":2},"end":{"line":19,"column":3}},"11":{"start":{"line":16,"column":4},"end":{"line":16,"column":30}},"12":{"start":{"line":18,"column":4},"end":{"line":18,"column":47}},"13":{"start":{"line":24,"column":4},"end":{"line":24,"column":62}},"14":{"start":{"line":26,"column":4},"end":{"line":26,"column":65}},"15":{"start":{"line":27,"column":4},"end":{"line":27,"column":65}},"16":{"start":{"line":28,"column":4},"end":{"line":28,"column":38}},"17":{"start":{"line":29,"column":4},"end":{"line":29,"column":54}},"18":{"start":{"line":30,"column":4},"end":{"line":30,"column":50}},"19":{"start":{"line":31,"column":4},"end":{"line":31,"column":52}},"20":{"start":{"line":32,"column":4},"end":{"line":32,"column":64}},"21":{"start":{"line":34,"column":4},"end":{"line":34,"column":26}},"22":{"start":{"line":36,"column":4},"end":{"line":40,"column":5}},"23":{"start":{"line":37,"column":6},"end":{"line":37,"column":69}},"24":{"start":{"line":39,"column":6},"end":{"line":39,"column":49}},"25":{"start":{"line":46,"column":4},"end":{"line":49,"column":44}},"26":{"start":{"line":54,"column":4},"end":{"line":54,"column":41}},"27":{"start":{"line":55,"column":4},"end":{"line":55,"column":70}},"28":{"start":{"line":57,"column":4},"end":{"line":76,"column":5}},"29":{"start":{"line":58,"column":6},"end":{"line":73,"column":16}},"30":{"start":{"line":59,"column":16},"end":{"line":72,"column":18}},"31":{"start":{"line":62,"column":19},"end":{"line":71,"column":20}},"32":{"start":{"line":66,"column":24},"end":{"line":69,"column":25}},"33":{"start":{"line":75,"column":6},"end":{"line":75,"column":90}},"34":{"start":{"line":78,"column":4},"end":{"line":87,"column":7}},"35":{"start":{"line":79,"column":6},"end":{"line":86,"column":7}},"36":{"start":{"line":82,"column":8},"end":{"line":82,"column":63}},"37":{"start":{"line":83,"column":8},"end":{"line":83,"column":69}},"38":{"start":{"line":85,"column":8},"end":{"line":85,"column":61}},"39":{"start":{"line":91,"column":4},"end":{"line":93,"column":5}},"40":{"start":{"line":92,"column":6},"end":{"line":92,"column":62}},"41":{"start":{"line":95,"column":4},"end":{"line":96,"column":60}},"42":{"start":{"line":98,"column":4},"end":{"line":105,"column":7}},"43":{"start":{"line":99,"column":6},"end":{"line":104,"column":7}},"44":{"start":{"line":100,"column":8},"end":{"line":100,"column":63}},"45":{"start":{"line":101,"column":8},"end":{"line":101,"column":69}},"46":{"start":{"line":103,"column":8},"end":{"line":103,"column":78}},"47":{"start":{"line":109,"column":4},"end":{"line":113,"column":5}},"48":{"start":{"line":110,"column":6},"end":{"line":110,"column":68}},"49":{"start":{"line":112,"column":6},"end":{"line":112,"column":59}},"50":{"start":{"line":117,"column":4},"end":{"line":134,"column":7}},"51":{"start":{"line":120,"column":6},"end":{"line":132,"column":7}},"52":{"start":{"line":121,"column":8},"end":{"line":121,"column":23}},"53":{"start":{"line":122,"column":13},"end":{"line":132,"column":7}},"54":{"start":{"line":123,"column":8},"end":{"line":123,"column":93}},"55":{"start":{"line":124,"column":13},"end":{"line":132,"column":7}},"56":{"start":{"line":125,"column":8},"end":{"line":131,"column":9}},"57":{"start":{"line":126,"column":10},"end":{"line":128,"column":11}},"58":{"start":{"line":127,"column":12},"end":{"line":127,"column":81}},"59":{"start":{"line":129,"column":15},"end":{"line":131,"column":9}},"60":{"start":{"line":130,"column":10},"end":{"line":130,"column":73}},"61":{"start":{"line":133,"column":6},"end":{"line":133,"column":30}},"62":{"start":{"line":138,"column":4},"end":{"line":142,"column":5}},"63":{"start":{"line":139,"column":6},"end":{"line":139,"column":86}},"64":{"start":{"line":141,"column":6},"end":{"line":141,"column":58}},"65":{"start":{"line":146,"column":0},"end":{"line":146,"column":26}}},"branchMap":{"1":{"line":15,"type":"if","locations":[{"start":{"line":15,"column":2},"end":{"line":15,"column":2}},{"start":{"line":15,"column":2},"end":{"line":15,"column":2}}]},"2":{"line":15,"type":"binary-expr","locations":[{"start":{"line":15,"column":6},"end":{"line":15,"column":19}},{"start":{"line":15,"column":23},"end":{"line":15,"column":42}},{"start":{"line":15,"column":46},"end":{"line":15,"column":70}}]},"3":{"line":36,"type":"if","locations":[{"start":{"line":36,"column":4},"end":{"line":36,"column":4}},{"start":{"line":36,"column":4},"end":{"line":36,"column":4}}]},"4":{"line":57,"type":"if","locations":[{"start":{"line":57,"column":4},"end":{"line":57,"column":4}},{"start":{"line":57,"column":4},"end":{"line":57,"column":4}}]},"5":{"line":79,"type":"if","locations":[{"start":{"line":79,"column":6},"end":{"line":79,"column":6}},{"start":{"line":79,"column":6},"end":{"line":79,"column":6}}]},"6":{"line":91,"type":"if","locations":[{"start":{"line":91,"column":4},"end":{"line":91,"column":4}},{"start":{"line":91,"column":4},"end":{"line":91,"column":4}}]},"7":{"line":99,"type":"if","locations":[{"start":{"line":99,"column":6},"end":{"line":99,"column":6}},{"start":{"line":99,"column":6},"end":{"line":99,"column":6}}]},"8":{"line":109,"type":"if","locations":[{"start":{"line":109,"column":4},"end":{"line":109,"column":4}},{"start":{"line":109,"column":4},"end":{"line":109,"column":4}}]},"9":{"line":120,"type":"if","locations":[{"start":{"line":120,"column":6},"end":{"line":120,"column":6}},{"start":{"line":120,"column":6},"end":{"line":120,"column":6}}]},"10":{"line":122,"type":"if","locations":[{"start":{"line":122,"column":13},"end":{"line":122,"column":13}},{"start":{"line":122,"column":13},"end":{"line":122,"column":13}}]},"11":{"line":122,"type":"binary-expr","locations":[{"start":{"line":122,"column":17},"end":{"line":122,"column":43}},{"start":{"line":122,"column":47},"end":{"line":122,"column":77}}]},"12":{"line":124,"type":"if","locations":[{"start":{"line":124,"column":13},"end":{"line":124,"column":13}},{"start":{"line":124,"column":13},"end":{"line":124,"column":13}}]},"13":{"line":125,"type":"if","locations":[{"start":{"line":125,"column":8},"end":{"line":125,"column":8}},{"start":{"line":125,"column":8},"end":{"line":125,"column":8}}]},"14":{"line":126,"type":"if","locations":[{"start":{"line":126,"column":10},"end":{"line":126,"column":10}},{"start":{"line":126,"column":10},"end":{"line":126,"column":10}}]},"15":{"line":129,"type":"if","locations":[{"start":{"line":129,"column":15},"end":{"line":129,"column":15}},{"start":{"line":129,"column":15},"end":{"line":129,"column":15}}]},"16":{"line":138,"type":"if","locations":[{"start":{"line":138,"column":4},"end":{"line":138,"column":4}},{"start":{"line":138,"column":4},"end":{"line":138,"column":4}}]}}},"/Users/chriscates/projects/horizon/server/src/schema/server_options.js":{"path":"/Users/chriscates/projects/horizon/server/src/schema/server_options.js","s":{"1":1,"2":1,"3":1,"4":1},"b":{},"f":{},"fnMap":{},"statementMap":{"1":{"start":{"line":3,"column":0},"end":{"line":3,"column":27}},"2":{"start":{"line":5,"column":0},"end":{"line":17,"column":18}},"3":{"start":{"line":19,"column":0},"end":{"line":31,"column":18}},"4":{"start":{"line":33,"column":0},"end":{"line":33,"column":34}}},"branchMap":{}},"/Users/chriscates/projects/horizon/server/src/error.js":{"path":"/Users/chriscates/projects/horizon/server/src/error.js","s":{"1":1,"2":0,"3":0,"4":1,"5":0,"6":1},"b":{"1":[0,0]},"f":{},"fnMap":{},"statementMap":{"1":{"start":{"line":3,"column":0},"end":{"line":7,"column":2}},"2":{"start":{"line":4,"column":2},"end":{"line":6,"column":3}},"3":{"start":{"line":5,"column":4},"end":{"line":5,"column":29}},"4":{"start":{"line":9,"column":0},"end":{"line":9,"column":48}},"5":{"start":{"line":9,"column":26},"end":{"line":9,"column":47}},"6":{"start":{"line":11,"column":0},"end":{"line":11,"column":33}}},"branchMap":{"1":{"line":4,"type":"if","locations":[{"start":{"line":4,"column":2},"end":{"line":4,"column":2}},{"start":{"line":4,"column":2},"end":{"line":4,"column":2}}]}}},"/Users/chriscates/projects/horizon/server/src/client.js":{"path":"/Users/chriscates/projects/horizon/server/src/client.js","s":{"1":1,"2":1,"3":1,"4":1,"5":1,"6":1,"7":0,"8":0,"9":0,"10":0,"11":0,"12":0,"13":0,"14":0,"15":0,"16":0,"17":0,"18":0,"19":0,"20":0,"21":0,"22":0,"23":0,"24":0,"25":0,"26":0,"27":0,"28":0,"29":0,"30":0,"31":0,"32":0,"33":0,"34":0,"35":0,"36":0,"37":0,"38":0,"39":0,"40":0,"41":0,"42":0,"43":0,"44":0,"45":0,"46":0,"47":0,"48":0,"49":0,"50":0,"51":0,"52":0,"53":0,"54":0,"55":0,"56":0,"57":0,"58":0,"59":0,"60":0,"61":0,"62":0,"63":0,"64":0,"65":0,"66":0,"67":0,"68":0,"69":0,"70":0,"71":0,"72":0,"73":0,"74":0,"75":0,"76":0,"77":0,"78":0,"79":0,"80":0,"81":0,"82":0,"83":0,"84":0,"85":0,"86":0,"87":0,"88":0,"89":0,"90":0,"91":0,"92":0,"93":0,"94":0,"95":0,"96":0,"97":0,"98":0,"99":0,"100":0,"101":0,"102":0,"103":0,"104":0,"105":0,"106":0,"107":0,"108":0,"109":0,"110":0,"111":0,"112":0,"113":0,"114":0,"115":0,"116":0,"117":0,"118":0,"119":0,"120":0,"121":0,"122":0,"123":0,"124":0,"125":0,"126":0,"127":0,"128":0,"129":0,"130":1},"b":{"1":[0,0,0,0],"2":[0,0],"3":[0,0],"4":[0,0],"5":[0,0],"6":[0,0],"7":[0,0],"8":[0,0],"9":[0,0],"10":[0,0],"11":[0,0],"12":[0,0],"13":[0,0],"14":[0,0,0,0],"15":[0,0],"16":[0,0],"17":[0,0],"18":[0,0]},"f":{"1":0,"2":0,"3":0,"4":0,"5":0,"6":0,"7":0,"8":0,"9":0,"10":0,"11":0,"12":0,"13":0,"14":0,"15":0,"16":0,"17":0,"18":0,"19":0},"fnMap":{"1":{"name":"(anonymous_1)","line":12,"loc":{"start":{"line":12,"column":13},"end":{"line":12,"column":35}}},"2":{"name":"(anonymous_2)","line":26,"loc":{"start":{"line":26,"column":12},"end":{"line":26,"column":21}}},"3":{"name":"(anonymous_3)","line":37,"loc":{"start":{"line":37,"column":15},"end":{"line":37,"column":18}}},"4":{"name":"(anonymous_4)","line":41,"loc":{"start":{"line":41,"column":11},"end":{"line":41,"column":14}}},"5":{"name":"(anonymous_5)","line":60,"loc":{"start":{"line":60,"column":15},"end":{"line":60,"column":21}}},"6":{"name":"(anonymous_6)","line":83,"loc":{"start":{"line":83,"column":18},"end":{"line":83,"column":24}}},"7":{"name":"(anonymous_7)","line":105,"loc":{"start":{"line":105,"column":13},"end":{"line":105,"column":37}}},"8":{"name":"(anonymous_8)","line":117,"loc":{"start":{"line":117,"column":13},"end":{"line":117,"column":16}}},"9":{"name":"(anonymous_9)","line":122,"loc":{"start":{"line":122,"column":14},"end":{"line":122,"column":17}}},"10":{"name":"(anonymous_10)","line":128,"loc":{"start":{"line":128,"column":24},"end":{"line":128,"column":36}}},"11":{"name":"(anonymous_11)","line":132,"loc":{"start":{"line":132,"column":14},"end":{"line":132,"column":30}}},"12":{"name":"(anonymous_12)","line":141,"loc":{"start":{"line":141,"column":19},"end":{"line":141,"column":24}}},"13":{"name":"(anonymous_13)","line":149,"loc":{"start":{"line":149,"column":15},"end":{"line":149,"column":30}}},"14":{"name":"(anonymous_14)","line":173,"loc":{"start":{"line":173,"column":18},"end":{"line":173,"column":25}}},"15":{"name":"(anonymous_15)","line":223,"loc":{"start":{"line":223,"column":16},"end":{"line":223,"column":23}}},"16":{"name":"(anonymous_16)","line":237,"loc":{"start":{"line":237,"column":18},"end":{"line":237,"column":32}}},"17":{"name":"(anonymous_17)","line":244,"loc":{"start":{"line":244,"column":15},"end":{"line":244,"column":34}}},"18":{"name":"(anonymous_18)","line":255,"loc":{"start":{"line":255,"column":22},"end":{"line":255,"column":25}}},"19":{"name":"(anonymous_19)","line":259,"loc":{"start":{"line":259,"column":19},"end":{"line":259,"column":22}}}},"statementMap":{"1":{"start":{"line":3,"column":0},"end":{"line":3,"column":39}},"2":{"start":{"line":4,"column":0},"end":{"line":4,"column":35}},"3":{"start":{"line":5,"column":0},"end":{"line":5,"column":53}},"4":{"start":{"line":7,"column":0},"end":{"line":7,"column":27}},"5":{"start":{"line":8,"column":0},"end":{"line":8,"column":31}},"6":{"start":{"line":9,"column":0},"end":{"line":9,"column":32}},"7":{"start":{"line":13,"column":4},"end":{"line":13,"column":25}},"8":{"start":{"line":14,"column":4},"end":{"line":14,"column":27}},"9":{"start":{"line":15,"column":4},"end":{"line":15,"column":34}},"10":{"start":{"line":16,"column":4},"end":{"line":16,"column":33}},"11":{"start":{"line":18,"column":4},"end":{"line":23,"column":5}},"12":{"start":{"line":19,"column":6},"end":{"line":19,"column":66}},"13":{"start":{"line":20,"column":6},"end":{"line":20,"column":23}},"14":{"start":{"line":22,"column":6},"end":{"line":22,"column":30}},"15":{"start":{"line":27,"column":4},"end":{"line":28,"column":50}},"16":{"start":{"line":29,"column":4},"end":{"line":33,"column":57}},"17":{"start":{"line":34,"column":4},"end":{"line":34,"column":45}},"18":{"start":{"line":38,"column":4},"end":{"line":38,"column":40}},"19":{"start":{"line":42,"column":4},"end":{"line":57,"column":5}},"20":{"start":{"line":43,"column":6},"end":{"line":43,"column":46}},"21":{"start":{"line":45,"column":6},"end":{"line":45,"column":62}},"22":{"start":{"line":46,"column":6},"end":{"line":46,"column":64}},"23":{"start":{"line":47,"column":6},"end":{"line":48,"column":51}},"24":{"start":{"line":50,"column":6},"end":{"line":50,"column":63}},"25":{"start":{"line":51,"column":6},"end":{"line":51,"column":58}},"26":{"start":{"line":52,"column":6},"end":{"line":54,"column":50}},"27":{"start":{"line":53,"column":25},"end":{"line":53,"column":51}},"28":{"start":{"line":54,"column":25},"end":{"line":54,"column":48}},"29":{"start":{"line":56,"column":6},"end":{"line":56,"column":30}},"30":{"start":{"line":61,"column":4},"end":{"line":61,"column":56}},"31":{"start":{"line":64,"column":4},"end":{"line":66,"column":5}},"32":{"start":{"line":65,"column":6},"end":{"line":65,"column":87}},"33":{"start":{"line":68,"column":4},"end":{"line":68,"column":62}},"34":{"start":{"line":69,"column":4},"end":{"line":80,"column":5}},"35":{"start":{"line":70,"column":6},"end":{"line":70,"column":91}},"36":{"start":{"line":72,"column":6},"end":{"line":79,"column":9}},"37":{"start":{"line":73,"column":8},"end":{"line":78,"column":9}},"38":{"start":{"line":74,"column":10},"end":{"line":74,"column":77}},"39":{"start":{"line":75,"column":10},"end":{"line":75,"column":75}},"40":{"start":{"line":77,"column":10},"end":{"line":77,"column":48}},"41":{"start":{"line":77,"column":27},"end":{"line":77,"column":43}},"42":{"start":{"line":84,"column":4},"end":{"line":84,"column":72}},"43":{"start":{"line":85,"column":4},"end":{"line":92,"column":5}},"44":{"start":{"line":86,"column":6},"end":{"line":86,"column":99}},"45":{"start":{"line":86,"column":57},"end":{"line":86,"column":97}},"46":{"start":{"line":90,"column":6},"end":{"line":90,"column":67}},"47":{"start":{"line":91,"column":6},"end":{"line":91,"column":65}},"48":{"start":{"line":106,"column":4},"end":{"line":106,"column":25}},"49":{"start":{"line":107,"column":4},"end":{"line":107,"column":32}},"50":{"start":{"line":108,"column":4},"end":{"line":108,"column":29}},"51":{"start":{"line":110,"column":4},"end":{"line":110,"column":53}},"52":{"start":{"line":110,"column":33},"end":{"line":110,"column":51}},"53":{"start":{"line":111,"column":4},"end":{"line":111,"column":73}},"54":{"start":{"line":111,"column":43},"end":{"line":111,"column":71}},"55":{"start":{"line":112,"column":4},"end":{"line":112,"column":75}},"56":{"start":{"line":112,"column":39},"end":{"line":112,"column":73}},"57":{"start":{"line":113,"column":4},"end":{"line":114,"column":65}},"58":{"start":{"line":114,"column":6},"end":{"line":114,"column":63}},"59":{"start":{"line":114,"column":35},"end":{"line":114,"column":62}},"60":{"start":{"line":118,"column":4},"end":{"line":118,"column":51}},"61":{"start":{"line":119,"column":4},"end":{"line":119,"column":35}},"62":{"start":{"line":123,"column":4},"end":{"line":123,"column":50}},"63":{"start":{"line":124,"column":4},"end":{"line":124,"column":38}},"64":{"start":{"line":125,"column":4},"end":{"line":125,"column":53}},"65":{"start":{"line":125,"column":37},"end":{"line":125,"column":51}},"66":{"start":{"line":129,"column":4},"end":{"line":129,"column":65}},"67":{"start":{"line":133,"column":4},"end":{"line":138,"column":5}},"68":{"start":{"line":134,"column":6},"end":{"line":136,"column":7}},"69":{"start":{"line":135,"column":8},"end":{"line":135,"column":78}},"70":{"start":{"line":137,"column":6},"end":{"line":137,"column":40}},"71":{"start":{"line":142,"column":4},"end":{"line":146,"column":5}},"72":{"start":{"line":143,"column":6},"end":{"line":143,"column":11}},"73":{"start":{"line":145,"column":6},"end":{"line":145,"column":47}},"74":{"start":{"line":150,"column":4},"end":{"line":150,"column":16}},"75":{"start":{"line":151,"column":4},"end":{"line":155,"column":5}},"76":{"start":{"line":152,"column":6},"end":{"line":152,"column":33}},"77":{"start":{"line":154,"column":6},"end":{"line":154,"column":53}},"78":{"start":{"line":157,"column":4},"end":{"line":170,"column":5}},"79":{"start":{"line":158,"column":6},"end":{"line":158,"column":42}},"80":{"start":{"line":160,"column":6},"end":{"line":160,"column":82}},"81":{"start":{"line":162,"column":6},"end":{"line":162,"column":36}},"82":{"start":{"line":163,"column":6},"end":{"line":163,"column":88}},"83":{"start":{"line":164,"column":6},"end":{"line":164,"column":68}},"84":{"start":{"line":166,"column":6},"end":{"line":169,"column":7}},"85":{"start":{"line":168,"column":8},"end":{"line":168,"column":57}},"86":{"start":{"line":174,"column":4},"end":{"line":174,"column":64}},"87":{"start":{"line":176,"column":4},"end":{"line":178,"column":5}},"88":{"start":{"line":177,"column":6},"end":{"line":177,"column":53}},"89":{"start":{"line":180,"column":4},"end":{"line":185,"column":6}},"90":{"start":{"line":181,"column":6},"end":{"line":181,"column":33}},"91":{"start":{"line":182,"column":6},"end":{"line":183,"column":65}},"92":{"start":{"line":183,"column":8},"end":{"line":183,"column":63}},"93":{"start":{"line":183,"column":37},"end":{"line":183,"column":62}},"94":{"start":{"line":184,"column":6},"end":{"line":184,"column":56}},"95":{"start":{"line":187,"column":4},"end":{"line":205,"column":6}},"96":{"start":{"line":188,"column":6},"end":{"line":204,"column":7}},"97":{"start":{"line":189,"column":8},"end":{"line":189,"column":83}},"98":{"start":{"line":190,"column":8},"end":{"line":190,"column":49}},"99":{"start":{"line":191,"column":13},"end":{"line":204,"column":7}},"100":{"start":{"line":192,"column":8},"end":{"line":192,"column":59}},"101":{"start":{"line":193,"column":8},"end":{"line":201,"column":11}},"102":{"start":{"line":194,"column":10},"end":{"line":200,"column":11}},"103":{"start":{"line":195,"column":12},"end":{"line":195,"column":101}},"104":{"start":{"line":196,"column":12},"end":{"line":196,"column":53}},"105":{"start":{"line":199,"column":12},"end":{"line":199,"column":32}},"106":{"start":{"line":203,"column":8},"end":{"line":203,"column":29}},"107":{"start":{"line":207,"column":4},"end":{"line":220,"column":5}},"108":{"start":{"line":209,"column":6},"end":{"line":209,"column":56}},"109":{"start":{"line":210,"column":6},"end":{"line":210,"column":12}},"110":{"start":{"line":212,"column":6},"end":{"line":212,"column":48}},"111":{"start":{"line":213,"column":6},"end":{"line":213,"column":12}},"112":{"start":{"line":215,"column":6},"end":{"line":215,"column":50}},"113":{"start":{"line":216,"column":6},"end":{"line":216,"column":12}},"114":{"start":{"line":218,"column":6},"end":{"line":218,"column":91}},"115":{"start":{"line":219,"column":6},"end":{"line":219,"column":12}},"116":{"start":{"line":224,"column":4},"end":{"line":224,"column":58}},"117":{"start":{"line":225,"column":4},"end":{"line":225,"column":62}},"118":{"start":{"line":227,"column":4},"end":{"line":234,"column":5}},"119":{"start":{"line":228,"column":6},"end":{"line":230,"column":7}},"120":{"start":{"line":229,"column":8},"end":{"line":229,"column":46}},"121":{"start":{"line":233,"column":6},"end":{"line":233,"column":33}},"122":{"start":{"line":238,"column":4},"end":{"line":238,"column":60}},"123":{"start":{"line":239,"column":4},"end":{"line":241,"column":5}},"124":{"start":{"line":240,"column":6},"end":{"line":240,"column":21}},"125":{"start":{"line":246,"column":4},"end":{"line":252,"column":5}},"126":{"start":{"line":247,"column":6},"end":{"line":247,"column":102}},"127":{"start":{"line":249,"column":6},"end":{"line":249,"column":35}},"128":{"start":{"line":250,"column":6},"end":{"line":250,"column":64}},"129":{"start":{"line":251,"column":6},"end":{"line":251,"column":45}},"130":{"start":{"line":264,"column":0},"end":{"line":264,"column":28}}},"branchMap":{"1":{"line":29,"type":"binary-expr","locations":[{"start":{"line":29,"column":10},"end":{"line":29,"column":46}},{"start":{"line":30,"column":10},"end":{"line":30,"column":44}},{"start":{"line":31,"column":10},"end":{"line":31,"column":48}},{"start":{"line":32,"column":10},"end":{"line":32,"column":56}}]},"2":{"line":47,"type":"binary-expr","locations":[{"start":{"line":47,"column":12},"end":{"line":47,"column":30}},{"start":{"line":47,"column":34},"end":{"line":47,"column":56}}]},"3":{"line":64,"type":"if","locations":[{"start":{"line":64,"column":4},"end":{"line":64,"column":4}},{"start":{"line":64,"column":4},"end":{"line":64,"column":4}}]},"4":{"line":69,"type":"if","locations":[{"start":{"line":69,"column":4},"end":{"line":69,"column":4}},{"start":{"line":69,"column":4},"end":{"line":69,"column":4}}]},"5":{"line":73,"type":"if","locations":[{"start":{"line":73,"column":8},"end":{"line":73,"column":8}},{"start":{"line":73,"column":8},"end":{"line":73,"column":8}}]},"6":{"line":133,"type":"if","locations":[{"start":{"line":133,"column":4},"end":{"line":133,"column":4}},{"start":{"line":133,"column":4},"end":{"line":133,"column":4}}]},"7":{"line":134,"type":"if","locations":[{"start":{"line":134,"column":6},"end":{"line":134,"column":6}},{"start":{"line":134,"column":6},"end":{"line":134,"column":6}}]},"8":{"line":160,"type":"cond-expr","locations":[{"start":{"line":160,"column":56},"end":{"line":160,"column":60}},{"start":{"line":160,"column":63},"end":{"line":160,"column":81}}]},"9":{"line":166,"type":"if","locations":[{"start":{"line":166,"column":6},"end":{"line":166,"column":6}},{"start":{"line":166,"column":6},"end":{"line":166,"column":6}}]},"10":{"line":176,"type":"if","locations":[{"start":{"line":176,"column":4},"end":{"line":176,"column":4}},{"start":{"line":176,"column":4},"end":{"line":176,"column":4}}]},"11":{"line":188,"type":"if","locations":[{"start":{"line":188,"column":6},"end":{"line":188,"column":6}},{"start":{"line":188,"column":6},"end":{"line":188,"column":6}}]},"12":{"line":191,"type":"if","locations":[{"start":{"line":191,"column":13},"end":{"line":191,"column":13}},{"start":{"line":191,"column":13},"end":{"line":191,"column":13}}]},"13":{"line":194,"type":"if","locations":[{"start":{"line":194,"column":10},"end":{"line":194,"column":10}},{"start":{"line":194,"column":10},"end":{"line":194,"column":10}}]},"14":{"line":207,"type":"switch","locations":[{"start":{"line":208,"column":4},"end":{"line":210,"column":12}},{"start":{"line":211,"column":4},"end":{"line":213,"column":12}},{"start":{"line":214,"column":4},"end":{"line":216,"column":12}},{"start":{"line":217,"column":4},"end":{"line":219,"column":12}}]},"15":{"line":227,"type":"if","locations":[{"start":{"line":227,"column":4},"end":{"line":227,"column":4}},{"start":{"line":227,"column":4},"end":{"line":227,"column":4}}]},"16":{"line":228,"type":"if","locations":[{"start":{"line":228,"column":6},"end":{"line":228,"column":6}},{"start":{"line":228,"column":6},"end":{"line":228,"column":6}}]},"17":{"line":239,"type":"if","locations":[{"start":{"line":239,"column":4},"end":{"line":239,"column":4}},{"start":{"line":239,"column":4},"end":{"line":239,"column":4}}]},"18":{"line":246,"type":"if","locations":[{"start":{"line":246,"column":4},"end":{"line":246,"column":4}},{"start":{"line":246,"column":4},"end":{"line":246,"column":4}}]}}},"/Users/chriscates/projects/horizon/server/src/schema/horizon_protocol.js":{"path":"/Users/chriscates/projects/horizon/server/src/schema/horizon_protocol.js","s":{"1":1,"2":1,"3":1,"4":1,"5":1,"6":1,"7":1},"b":{},"f":{},"fnMap":{},"statementMap":{"1":{"start":{"line":3,"column":0},"end":{"line":3,"column":27}},"2":{"start":{"line":5,"column":0},"end":{"line":10,"column":18}},"3":{"start":{"line":12,"column":0},"end":{"line":40,"column":2}},"4":{"start":{"line":42,"column":0},"end":{"line":47,"column":18}},"5":{"start":{"line":49,"column":0},"end":{"line":54,"column":18}},"6":{"start":{"line":56,"column":0},"end":{"line":61,"column":18}},"7":{"start":{"line":63,"column":0},"end":{"line":74,"column":2}}},"branchMap":{}},"/Users/chriscates/projects/horizon/server/src/reql_connection.js":{"path":"/Users/chriscates/projects/horizon/server/src/reql_connection.js","s":{"1":1,"2":1,"3":1,"4":1,"5":1,"6":0,"7":0,"8":0,"9":0,"10":0,"11":0,"12":0,"13":0,"14":0,"15":0,"16":0,"17":0,"18":0,"19":0,"20":0,"21":0,"22":0,"23":0,"24":0,"25":0,"26":0,"27":0,"28":0,"29":0,"30":0,"31":0,"32":0,"33":0,"34":0,"35":0,"36":0,"37":0,"38":0,"39":0,"40":0,"41":0,"42":0,"43":0,"44":0,"45":0,"46":0,"47":0,"48":0,"49":0,"50":0,"51":0,"52":0,"53":0,"54":0,"55":0,"56":0,"57":0,"58":0,"59":0,"60":0,"61":0,"62":0,"63":0,"64":0,"65":0,"66":0,"67":0,"68":1},"b":{"1":[0,0],"2":[0,0],"3":[0,0],"4":[0,0]},"f":{"1":0,"2":0,"3":0,"4":0,"5":0,"6":0,"7":0,"8":0},"fnMap":{"1":{"name":"(anonymous_1)","line":10,"loc":{"start":{"line":10,"column":13},"end":{"line":10,"column":77}}},"2":{"name":"(anonymous_2)","line":25,"loc":{"start":{"line":25,"column":12},"end":{"line":25,"column":22}}},"3":{"name":"(anonymous_3)","line":38,"loc":{"start":{"line":38,"column":18},"end":{"line":38,"column":28}}},"4":{"name":"(anonymous_4)","line":88,"loc":{"start":{"line":88,"column":10},"end":{"line":88,"column":13}}},"5":{"name":"(anonymous_5)","line":92,"loc":{"start":{"line":92,"column":7},"end":{"line":92,"column":10}}},"6":{"name":"(anonymous_6)","line":96,"loc":{"start":{"line":96,"column":12},"end":{"line":96,"column":15}}},"7":{"name":"(anonymous_7)","line":101,"loc":{"start":{"line":101,"column":10},"end":{"line":101,"column":13}}},"8":{"name":"(anonymous_8)","line":106,"loc":{"start":{"line":106,"column":7},"end":{"line":106,"column":10}}}},"statementMap":{"1":{"start":{"line":3,"column":0},"end":{"line":3,"column":39}},"2":{"start":{"line":4,"column":0},"end":{"line":4,"column":35}},"3":{"start":{"line":5,"column":0},"end":{"line":5,"column":48}},"4":{"start":{"line":6,"column":0},"end":{"line":6,"column":31}},"5":{"start":{"line":7,"column":0},"end":{"line":7,"column":33}},"6":{"start":{"line":11,"column":4},"end":{"line":11,"column":22}},"7":{"start":{"line":12,"column":4},"end":{"line":12,"column":22}},"8":{"start":{"line":13,"column":4},"end":{"line":13,"column":18}},"9":{"start":{"line":14,"column":4},"end":{"line":14,"column":48}},"10":{"start":{"line":15,"column":4},"end":{"line":15,"column":48}},"11":{"start":{"line":16,"column":4},"end":{"line":16,"column":28}},"12":{"start":{"line":17,"column":4},"end":{"line":17,"column":33}},"13":{"start":{"line":18,"column":4},"end":{"line":18,"column":31}},"14":{"start":{"line":19,"column":4},"end":{"line":19,"column":24}},"15":{"start":{"line":20,"column":4},"end":{"line":20,"column":30}},"16":{"start":{"line":21,"column":4},"end":{"line":21,"column":77}},"17":{"start":{"line":21,"column":51},"end":{"line":21,"column":75}},"18":{"start":{"line":22,"column":4},"end":{"line":22,"column":25}},"19":{"start":{"line":26,"column":4},"end":{"line":26,"column":33}},"20":{"start":{"line":27,"column":4},"end":{"line":27,"column":31}},"21":{"start":{"line":28,"column":4},"end":{"line":28,"column":24}},"22":{"start":{"line":29,"column":4},"end":{"line":29,"column":69}},"23":{"start":{"line":29,"column":38},"end":{"line":29,"column":67}},"24":{"start":{"line":30,"column":4},"end":{"line":30,"column":26}},"25":{"start":{"line":32,"column":4},"end":{"line":35,"column":5}},"26":{"start":{"line":33,"column":6},"end":{"line":33,"column":78}},"27":{"start":{"line":33,"column":23},"end":{"line":33,"column":53}},"28":{"start":{"line":34,"column":6},"end":{"line":34,"column":74}},"29":{"start":{"line":39,"column":4},"end":{"line":39,"column":24}},"30":{"start":{"line":40,"column":4},"end":{"line":49,"column":6}},"31":{"start":{"line":41,"column":6},"end":{"line":48,"column":7}},"32":{"start":{"line":42,"column":8},"end":{"line":42,"column":23}},"33":{"start":{"line":43,"column":8},"end":{"line":47,"column":9}},"34":{"start":{"line":44,"column":10},"end":{"line":44,"column":35}},"35":{"start":{"line":46,"column":10},"end":{"line":46,"column":91}},"36":{"start":{"line":46,"column":61},"end":{"line":46,"column":89}},"37":{"start":{"line":51,"column":4},"end":{"line":51,"column":72}},"38":{"start":{"line":52,"column":4},"end":{"line":85,"column":8}},"39":{"start":{"line":54,"column":7},"end":{"line":54,"column":59}},"40":{"start":{"line":55,"column":7},"end":{"line":57,"column":10}},"41":{"start":{"line":56,"column":9},"end":{"line":56,"column":17}},"42":{"start":{"line":58,"column":7},"end":{"line":61,"column":10}},"43":{"start":{"line":59,"column":9},"end":{"line":59,"column":67}},"44":{"start":{"line":60,"column":9},"end":{"line":60,"column":17}},"45":{"start":{"line":62,"column":7},"end":{"line":69,"column":14}},"46":{"start":{"line":63,"column":9},"end":{"line":69,"column":12}},"47":{"start":{"line":67,"column":12},"end":{"line":67,"column":47}},"48":{"start":{"line":68,"column":12},"end":{"line":68,"column":24}},"49":{"start":{"line":71,"column":7},"end":{"line":71,"column":31}},"50":{"start":{"line":72,"column":7},"end":{"line":74,"column":62}},"51":{"start":{"line":75,"column":7},"end":{"line":75,"column":37}},"52":{"start":{"line":77,"column":7},"end":{"line":77,"column":72}},"53":{"start":{"line":78,"column":7},"end":{"line":78,"column":33}},"54":{"start":{"line":79,"column":7},"end":{"line":79,"column":26}},"55":{"start":{"line":80,"column":7},"end":{"line":80,"column":21}},"56":{"start":{"line":82,"column":7},"end":{"line":82,"column":66}},"57":{"start":{"line":83,"column":7},"end":{"line":83,"column":43}},"58":{"start":{"line":84,"column":7},"end":{"line":84,"column":15}},"59":{"start":{"line":89,"column":4},"end":{"line":89,"column":23}},"60":{"start":{"line":93,"column":4},"end":{"line":93,"column":31}},"61":{"start":{"line":97,"column":4},"end":{"line":97,"column":62}},"62":{"start":{"line":98,"column":4},"end":{"line":98,"column":28}},"63":{"start":{"line":102,"column":4},"end":{"line":102,"column":62}},"64":{"start":{"line":103,"column":4},"end":{"line":103,"column":26}},"65":{"start":{"line":107,"column":4},"end":{"line":110,"column":5}},"66":{"start":{"line":108,"column":6},"end":{"line":108,"column":26}},"67":{"start":{"line":109,"column":6},"end":{"line":109,"column":31}},"68":{"start":{"line":114,"column":0},"end":{"line":114,"column":36}}},"branchMap":{"1":{"line":32,"type":"if","locations":[{"start":{"line":32,"column":4},"end":{"line":32,"column":4}},{"start":{"line":32,"column":4},"end":{"line":32,"column":4}}]},"2":{"line":41,"type":"if","locations":[{"start":{"line":41,"column":6},"end":{"line":41,"column":6}},{"start":{"line":41,"column":6},"end":{"line":41,"column":6}}]},"3":{"line":43,"type":"if","locations":[{"start":{"line":43,"column":8},"end":{"line":43,"column":8}},{"start":{"line":43,"column":8},"end":{"line":43,"column":8}}]},"4":{"line":107,"type":"if","locations":[{"start":{"line":107,"column":4},"end":{"line":107,"column":4}},{"start":{"line":107,"column":4},"end":{"line":107,"column":4}}]}}},"/Users/chriscates/projects/horizon/server/src/metadata.js":{"path":"/Users/chriscates/projects/horizon/server/src/metadata.js","s":{"1":1,"2":1,"3":1,"4":0,"5":0,"6":0,"7":0,"8":0,"9":0,"10":0,"11":0,"12":0,"13":0,"14":0,"15":0,"16":0,"17":0,"18":0,"19":0,"20":0,"21":0,"22":0,"23":0,"24":0,"25":0,"26":0,"27":0,"28":0,"29":0,"30":0,"31":0,"32":0,"33":0,"34":0,"35":0,"36":0,"37":0,"38":0,"39":0,"40":0,"41":0,"42":0,"43":0,"44":0,"45":0,"46":0,"47":0,"48":0,"49":0,"50":0,"51":0,"52":0,"53":0,"54":0,"55":0,"56":0,"57":0,"58":0,"59":0,"60":0,"61":0,"62":0,"63":0,"64":0,"65":0,"66":0,"67":0,"68":0,"69":0,"70":0,"71":0,"72":0,"73":0,"74":0,"75":0,"76":0,"77":0,"78":0,"79":0,"80":0,"81":0,"82":0,"83":0,"84":0,"85":0,"86":0,"87":0,"88":0,"89":0,"90":0,"91":0,"92":0,"93":0,"94":0,"95":0,"96":0,"97":0,"98":0,"99":0,"100":0,"101":0,"102":0,"103":0,"104":0,"105":0,"106":0,"107":0,"108":0,"109":0,"110":0,"111":0,"112":0,"113":0,"114":0,"115":0,"116":0,"117":0,"118":0,"119":0,"120":0,"121":0,"122":0,"123":0,"124":0,"125":1},"b":{"1":[0,0],"2":[0,0],"3":[0,0],"4":[0,0],"5":[0,0],"6":[0,0],"7":[0,0],"8":[0,0],"9":[0,0],"10":[0,0],"11":[0,0],"12":[0,0],"13":[0,0],"14":[0,0],"15":[0,0],"16":[0,0],"17":[0,0],"18":[0,0],"19":[0,0],"20":[0,0],"21":[0,0]},"f":{"1":0,"2":0,"3":0,"4":0,"5":0,"6":0,"7":0,"8":0,"9":0,"10":0,"11":0,"12":0,"13":0,"14":0,"15":0,"16":0,"17":0,"18":0},"fnMap":{"1":{"name":"(anonymous_1)","line":9,"loc":{"start":{"line":9,"column":13},"end":{"line":9,"column":29}}},"2":{"name":"(anonymous_2)","line":17,"loc":{"start":{"line":17,"column":13},"end":{"line":17,"column":20}}},"3":{"name":"(anonymous_3)","line":24,"loc":{"start":{"line":24,"column":13},"end":{"line":24,"column":28}}},"4":{"name":"(anonymous_4)","line":32,"loc":{"start":{"line":32,"column":13},"end":{"line":32,"column":21}}},"5":{"name":"(anonymous_5)","line":39,"loc":{"start":{"line":39,"column":13},"end":{"line":39,"column":37}}},"6":{"name":"(anonymous_6)","line":45,"loc":{"start":{"line":45,"column":10},"end":{"line":45,"column":17}}},"7":{"name":"(anonymous_7)","line":54,"loc":{"start":{"line":54,"column":10},"end":{"line":54,"column":41}}},"8":{"name":"(anonymous_8)","line":74,"loc":{"start":{"line":74,"column":13},"end":{"line":74,"column":38}}},"9":{"name":"(anonymous_9)","line":80,"loc":{"start":{"line":80,"column":10},"end":{"line":80,"column":17}}},"10":{"name":"(anonymous_10)","line":84,"loc":{"start":{"line":84,"column":14},"end":{"line":84,"column":35}}},"11":{"name":"(anonymous_11)","line":124,"loc":{"start":{"line":124,"column":20},"end":{"line":124,"column":51}}},"12":{"name":"(anonymous_12)","line":145,"loc":{"start":{"line":145,"column":13},"end":{"line":145,"column":58}}},"13":{"name":"(anonymous_13)","line":181,"loc":{"start":{"line":181,"column":10},"end":{"line":181,"column":13}}},"14":{"name":"(anonymous_14)","line":185,"loc":{"start":{"line":185,"column":7},"end":{"line":185,"column":10}}},"15":{"name":"(anonymous_15)","line":189,"loc":{"start":{"line":189,"column":11},"end":{"line":189,"column":18}}},"16":{"name":"(anonymous_16)","line":196,"loc":{"start":{"line":196,"column":14},"end":{"line":196,"column":26}}},"17":{"name":"(anonymous_17)","line":220,"loc":{"start":{"line":220,"column":14},"end":{"line":220,"column":27}}},"18":{"name":"(anonymous_18)","line":253,"loc":{"start":{"line":253,"column":15},"end":{"line":253,"column":26}}}},"statementMap":{"1":{"start":{"line":3,"column":0},"end":{"line":3,"column":39}},"2":{"start":{"line":4,"column":0},"end":{"line":4,"column":35}},"3":{"start":{"line":6,"column":0},"end":{"line":6,"column":31}},"4":{"start":{"line":10,"column":4},"end":{"line":10,"column":84}},"5":{"start":{"line":11,"column":4},"end":{"line":11,"column":23}},"6":{"start":{"line":12,"column":4},"end":{"line":12,"column":25}},"7":{"start":{"line":18,"column":4},"end":{"line":18,"column":45}},"8":{"start":{"line":19,"column":4},"end":{"line":19,"column":21}},"9":{"start":{"line":25,"column":4},"end":{"line":25,"column":91}},"10":{"start":{"line":26,"column":4},"end":{"line":26,"column":23}},"11":{"start":{"line":27,"column":4},"end":{"line":27,"column":23}},"12":{"start":{"line":33,"column":4},"end":{"line":33,"column":49}},"13":{"start":{"line":34,"column":4},"end":{"line":34,"column":23}},"14":{"start":{"line":40,"column":4},"end":{"line":40,"column":21}},"15":{"start":{"line":41,"column":4},"end":{"line":41,"column":25}},"16":{"start":{"line":42,"column":4},"end":{"line":42,"column":27}},"17":{"start":{"line":46,"column":4},"end":{"line":46,"column":80}},"18":{"start":{"line":46,"column":43},"end":{"line":46,"column":49}},"19":{"start":{"line":46,"column":60},"end":{"line":46,"column":69}},"20":{"start":{"line":55,"column":4},"end":{"line":58,"column":5}},"21":{"start":{"line":56,"column":6},"end":{"line":56,"column":55}},"22":{"start":{"line":57,"column":6},"end":{"line":57,"column":66}},"23":{"start":{"line":57,"column":51},"end":{"line":57,"column":64}},"24":{"start":{"line":60,"column":4},"end":{"line":68,"column":5}},"25":{"start":{"line":61,"column":4},"end":{"line":68,"column":5}},"26":{"start":{"line":62,"column":6},"end":{"line":66,"column":7}},"27":{"start":{"line":63,"column":8},"end":{"line":65,"column":9}},"28":{"start":{"line":64,"column":10},"end":{"line":64,"column":25}},"29":{"start":{"line":67,"column":6},"end":{"line":67,"column":18}},"30":{"start":{"line":69,"column":4},"end":{"line":69,"column":17}},"31":{"start":{"line":75,"column":4},"end":{"line":75,"column":21}},"32":{"start":{"line":76,"column":4},"end":{"line":76,"column":27}},"33":{"start":{"line":77,"column":4},"end":{"line":77,"column":27}},"34":{"start":{"line":81,"column":4},"end":{"line":81,"column":80}},"35":{"start":{"line":81,"column":43},"end":{"line":81,"column":49}},"36":{"start":{"line":81,"column":60},"end":{"line":81,"column":69}},"37":{"start":{"line":85,"column":4},"end":{"line":85,"column":101}},"38":{"start":{"line":91,"column":4},"end":{"line":102,"column":18}},"39":{"start":{"line":93,"column":8},"end":{"line":101,"column":15}},"40":{"start":{"line":94,"column":11},"end":{"line":94,"column":72}},"41":{"start":{"line":95,"column":10},"end":{"line":101,"column":14}},"42":{"start":{"line":97,"column":14},"end":{"line":97,"column":83}},"43":{"start":{"line":97,"column":49},"end":{"line":97,"column":82}},"44":{"start":{"line":98,"column":30},"end":{"line":101,"column":13}},"45":{"start":{"line":104,"column":4},"end":{"line":104,"column":62}},"46":{"start":{"line":105,"column":4},"end":{"line":105,"column":28}},"47":{"start":{"line":107,"column":4},"end":{"line":119,"column":7}},"48":{"start":{"line":108,"column":6},"end":{"line":112,"column":7}},"49":{"start":{"line":109,"column":8},"end":{"line":109,"column":88}},"50":{"start":{"line":111,"column":8},"end":{"line":111,"column":98}},"51":{"start":{"line":113,"column":6},"end":{"line":113,"column":32}},"52":{"start":{"line":114,"column":6},"end":{"line":114,"column":32}},"53":{"start":{"line":115,"column":6},"end":{"line":115,"column":13}},"54":{"start":{"line":117,"column":6},"end":{"line":117,"column":33}},"55":{"start":{"line":118,"column":6},"end":{"line":118,"column":16}},"56":{"start":{"line":125,"column":4},"end":{"line":125,"column":26}},"57":{"start":{"line":126,"column":4},"end":{"line":134,"column":5}},"58":{"start":{"line":127,"column":6},"end":{"line":133,"column":7}},"59":{"start":{"line":128,"column":8},"end":{"line":132,"column":9}},"60":{"start":{"line":129,"column":10},"end":{"line":129,"column":23}},"61":{"start":{"line":130,"column":15},"end":{"line":132,"column":9}},"62":{"start":{"line":131,"column":10},"end":{"line":131,"column":24}},"63":{"start":{"line":136,"column":4},"end":{"line":140,"column":5}},"64":{"start":{"line":137,"column":6},"end":{"line":137,"column":72}},"65":{"start":{"line":139,"column":6},"end":{"line":139,"column":43}},"66":{"start":{"line":146,"column":4},"end":{"line":146,"column":22}},"67":{"start":{"line":147,"column":4},"end":{"line":147,"column":48}},"68":{"start":{"line":148,"column":4},"end":{"line":148,"column":48}},"69":{"start":{"line":149,"column":4},"end":{"line":149,"column":24}},"70":{"start":{"line":151,"column":4},"end":{"line":154,"column":87}},"71":{"start":{"line":154,"column":22},"end":{"line":154,"column":66}},"72":{"start":{"line":158,"column":4},"end":{"line":166,"column":5}},"73":{"start":{"line":159,"column":6},"end":{"line":165,"column":28}},"74":{"start":{"line":160,"column":24},"end":{"line":160,"column":77}},"75":{"start":{"line":162,"column":9},"end":{"line":165,"column":26}},"76":{"start":{"line":163,"column":30},"end":{"line":164,"column":87}},"77":{"start":{"line":165,"column":20},"end":{"line":165,"column":25}},"78":{"start":{"line":168,"column":4},"end":{"line":168,"column":41}},"79":{"start":{"line":169,"column":4},"end":{"line":178,"column":24}},"80":{"start":{"line":170,"column":6},"end":{"line":170,"column":44}},"81":{"start":{"line":171,"column":6},"end":{"line":171,"column":31}},"82":{"start":{"line":172,"column":6},"end":{"line":176,"column":54}},"83":{"start":{"line":173,"column":8},"end":{"line":176,"column":52}},"84":{"start":{"line":176,"column":14},"end":{"line":176,"column":48}},"85":{"start":{"line":177,"column":6},"end":{"line":177,"column":25}},"86":{"start":{"line":178,"column":18},"end":{"line":178,"column":22}},"87":{"start":{"line":182,"column":4},"end":{"line":182,"column":23}},"88":{"start":{"line":186,"column":4},"end":{"line":186,"column":31}},"89":{"start":{"line":190,"column":4},"end":{"line":190,"column":41}},"90":{"start":{"line":191,"column":4},"end":{"line":191,"column":62}},"91":{"start":{"line":191,"column":31},"end":{"line":191,"column":60}},"92":{"start":{"line":192,"column":4},"end":{"line":192,"column":72}},"93":{"start":{"line":192,"column":39},"end":{"line":192,"column":70}},"94":{"start":{"line":193,"column":4},"end":{"line":193,"column":17}},"95":{"start":{"line":197,"column":4},"end":{"line":197,"column":51}},"96":{"start":{"line":198,"column":4},"end":{"line":217,"column":5}},"97":{"start":{"line":199,"column":6},"end":{"line":205,"column":7}},"98":{"start":{"line":200,"column":8},"end":{"line":204,"column":9}},"99":{"start":{"line":201,"column":10},"end":{"line":201,"column":51}},"100":{"start":{"line":202,"column":15},"end":{"line":204,"column":9}},"101":{"start":{"line":203,"column":10},"end":{"line":203,"column":42}},"102":{"start":{"line":206,"column":6},"end":{"line":212,"column":7}},"103":{"start":{"line":207,"column":8},"end":{"line":211,"column":9}},"104":{"start":{"line":208,"column":10},"end":{"line":208,"column":70}},"105":{"start":{"line":209,"column":15},"end":{"line":211,"column":9}},"106":{"start":{"line":210,"column":10},"end":{"line":210,"column":42}},"107":{"start":{"line":213,"column":6},"end":{"line":213,"column":16}},"108":{"start":{"line":215,"column":6},"end":{"line":215,"column":68}},"109":{"start":{"line":216,"column":6},"end":{"line":216,"column":20}},"110":{"start":{"line":221,"column":4},"end":{"line":221,"column":61}},"111":{"start":{"line":222,"column":4},"end":{"line":222,"column":83}},"112":{"start":{"line":228,"column":4},"end":{"line":234,"column":24}},"113":{"start":{"line":231,"column":10},"end":{"line":233,"column":40}},"114":{"start":{"line":236,"column":4},"end":{"line":236,"column":83}},"115":{"start":{"line":237,"column":4},"end":{"line":237,"column":34}},"116":{"start":{"line":239,"column":4},"end":{"line":250,"column":7}},"117":{"start":{"line":240,"column":6},"end":{"line":244,"column":7}},"118":{"start":{"line":241,"column":8},"end":{"line":241,"column":48}},"119":{"start":{"line":243,"column":8},"end":{"line":243,"column":58}},"120":{"start":{"line":245,"column":6},"end":{"line":245,"column":32}},"121":{"start":{"line":246,"column":6},"end":{"line":246,"column":13}},"122":{"start":{"line":248,"column":6},"end":{"line":248,"column":32}},"123":{"start":{"line":249,"column":6},"end":{"line":249,"column":16}},"124":{"start":{"line":254,"column":4},"end":{"line":254,"column":74}},"125":{"start":{"line":258,"column":0},"end":{"line":258,"column":30}}},"branchMap":{"1":{"line":46,"type":"cond-expr","locations":[{"start":{"line":46,"column":19},"end":{"line":46,"column":70}},{"start":{"line":46,"column":73},"end":{"line":46,"column":79}}]},"2":{"line":57,"type":"if","locations":[{"start":{"line":57,"column":6},"end":{"line":57,"column":6}},{"start":{"line":57,"column":6},"end":{"line":57,"column":6}}]},"3":{"line":57,"type":"binary-expr","locations":[{"start":{"line":57,"column":10},"end":{"line":57,"column":17}},{"start":{"line":57,"column":21},"end":{"line":57,"column":47}}]},"4":{"line":61,"type":"binary-expr","locations":[{"start":{"line":61,"column":20},"end":{"line":61,"column":44}},{"start":{"line":61,"column":48},"end":{"line":61,"column":95}}]},"5":{"line":63,"type":"if","locations":[{"start":{"line":63,"column":8},"end":{"line":63,"column":8}},{"start":{"line":63,"column":8},"end":{"line":63,"column":8}}]},"6":{"line":81,"type":"cond-expr","locations":[{"start":{"line":81,"column":19},"end":{"line":81,"column":70}},{"start":{"line":81,"column":73},"end":{"line":81,"column":79}}]},"7":{"line":108,"type":"if","locations":[{"start":{"line":108,"column":6},"end":{"line":108,"column":6}},{"start":{"line":108,"column":6},"end":{"line":108,"column":6}}]},"8":{"line":127,"type":"if","locations":[{"start":{"line":127,"column":6},"end":{"line":127,"column":6}},{"start":{"line":127,"column":6},"end":{"line":127,"column":6}}]},"9":{"line":128,"type":"if","locations":[{"start":{"line":128,"column":8},"end":{"line":128,"column":8}},{"start":{"line":128,"column":8},"end":{"line":128,"column":8}}]},"10":{"line":130,"type":"if","locations":[{"start":{"line":130,"column":15},"end":{"line":130,"column":15}},{"start":{"line":130,"column":15},"end":{"line":130,"column":15}}]},"11":{"line":136,"type":"if","locations":[{"start":{"line":136,"column":4},"end":{"line":136,"column":4}},{"start":{"line":136,"column":4},"end":{"line":136,"column":4}}]},"12":{"line":158,"type":"if","locations":[{"start":{"line":158,"column":4},"end":{"line":158,"column":4}},{"start":{"line":158,"column":4},"end":{"line":158,"column":4}}]},"13":{"line":191,"type":"if","locations":[{"start":{"line":191,"column":4},"end":{"line":191,"column":4}},{"start":{"line":191,"column":4},"end":{"line":191,"column":4}}]},"14":{"line":192,"type":"if","locations":[{"start":{"line":192,"column":4},"end":{"line":192,"column":4}},{"start":{"line":192,"column":4},"end":{"line":192,"column":4}}]},"15":{"line":199,"type":"if","locations":[{"start":{"line":199,"column":6},"end":{"line":199,"column":6}},{"start":{"line":199,"column":6},"end":{"line":199,"column":6}}]},"16":{"line":200,"type":"if","locations":[{"start":{"line":200,"column":8},"end":{"line":200,"column":8}},{"start":{"line":200,"column":8},"end":{"line":200,"column":8}}]},"17":{"line":202,"type":"if","locations":[{"start":{"line":202,"column":15},"end":{"line":202,"column":15}},{"start":{"line":202,"column":15},"end":{"line":202,"column":15}}]},"18":{"line":206,"type":"if","locations":[{"start":{"line":206,"column":6},"end":{"line":206,"column":6}},{"start":{"line":206,"column":6},"end":{"line":206,"column":6}}]},"19":{"line":207,"type":"if","locations":[{"start":{"line":207,"column":8},"end":{"line":207,"column":8}},{"start":{"line":207,"column":8},"end":{"line":207,"column":8}}]},"20":{"line":209,"type":"if","locations":[{"start":{"line":209,"column":15},"end":{"line":209,"column":15}},{"start":{"line":209,"column":15},"end":{"line":209,"column":15}}]},"21":{"line":240,"type":"if","locations":[{"start":{"line":240,"column":6},"end":{"line":240,"column":6}},{"start":{"line":240,"column":6},"end":{"line":240,"column":6}}]}}},"/Users/chriscates/projects/horizon/server/src/utils.js":{"path":"/Users/chriscates/projects/horizon/server/src/utils.js","s":{"1":1,"2":1,"3":1,"4":0,"5":0,"6":0,"7":0,"8":0,"9":0,"10":1,"11":0,"12":0,"13":0,"14":0,"15":0,"16":0,"17":0,"18":0,"19":1},"b":{"1":[0,0],"2":[0,0],"3":[0,0],"4":[0,0]},"f":{},"fnMap":{},"statementMap":{"1":{"start":{"line":3,"column":0},"end":{"line":3,"column":35}},"2":{"start":{"line":5,"column":0},"end":{"line":5,"column":32}},"3":{"start":{"line":9,"column":0},"end":{"line":18,"column":2}},"4":{"start":{"line":10,"column":2},"end":{"line":16,"column":3}},"5":{"start":{"line":11,"column":4},"end":{"line":15,"column":5}},"6":{"start":{"line":12,"column":6},"end":{"line":12,"column":18}},"7":{"start":{"line":13,"column":11},"end":{"line":15,"column":5}},"8":{"start":{"line":14,"column":6},"end":{"line":14,"column":19}},"9":{"start":{"line":17,"column":2},"end":{"line":17,"column":14}},"10":{"start":{"line":21,"column":0},"end":{"line":37,"column":2}},"11":{"start":{"line":22,"column":2},"end":{"line":22,"column":68}},"12":{"start":{"line":23,"column":2},"end":{"line":23,"column":63}},"13":{"start":{"line":25,"column":2},"end":{"line":36,"column":3}},"14":{"start":{"line":27,"column":4},"end":{"line":27,"column":66}},"15":{"start":{"line":27,"column":51},"end":{"line":27,"column":64}},"16":{"start":{"line":29,"column":4},"end":{"line":32,"column":5}},"17":{"start":{"line":30,"column":6},"end":{"line":31,"column":74}},"18":{"start":{"line":34,"column":4},"end":{"line":35,"column":65}},"19":{"start":{"line":39,"column":0},"end":{"line":41,"column":2}}},"branchMap":{"1":{"line":11,"type":"if","locations":[{"start":{"line":11,"column":4},"end":{"line":11,"column":4}},{"start":{"line":11,"column":4},"end":{"line":11,"column":4}}]},"2":{"line":13,"type":"if","locations":[{"start":{"line":13,"column":11},"end":{"line":13,"column":11}},{"start":{"line":13,"column":11},"end":{"line":13,"column":11}}]},"3":{"line":25,"type":"if","locations":[{"start":{"line":25,"column":2},"end":{"line":25,"column":2}},{"start":{"line":25,"column":2},"end":{"line":25,"column":2}}]},"4":{"line":29,"type":"if","locations":[{"start":{"line":29,"column":4},"end":{"line":29,"column":4}},{"start":{"line":29,"column":4},"end":{"line":29,"column":4}}]}}},"/Users/chriscates/projects/horizon/server/src/endpoint/insert.js":{"path":"/Users/chriscates/projects/horizon/server/src/endpoint/insert.js","s":{"1":1,"2":1,"3":1,"4":1,"5":1,"6":0,"7":0,"8":0,"9":0,"10":0,"11":1,"12":0,"13":0,"14":0,"15":0,"16":0,"17":0,"18":0,"19":0,"20":0,"21":1},"b":{"1":[0,0],"2":[0,0],"3":[0,0],"4":[0,0]},"f":{},"fnMap":{},"statementMap":{"1":{"start":{"line":3,"column":0},"end":{"line":3,"column":40}},"2":{"start":{"line":4,"column":0},"end":{"line":4,"column":60}},"3":{"start":{"line":6,"column":0},"end":{"line":6,"column":27}},"4":{"start":{"line":7,"column":0},"end":{"line":7,"column":31}},"5":{"start":{"line":9,"column":0},"end":{"line":15,"column":2}},"6":{"start":{"line":10,"column":2},"end":{"line":10,"column":59}},"7":{"start":{"line":11,"column":2},"end":{"line":11,"column":82}},"8":{"start":{"line":11,"column":31},"end":{"line":11,"column":80}},"9":{"start":{"line":13,"column":2},"end":{"line":13,"column":60}},"10":{"start":{"line":14,"column":2},"end":{"line":14,"column":78}},"11":{"start":{"line":18,"column":0},"end":{"line":33,"column":2}},"12":{"start":{"line":19,"column":2},"end":{"line":32,"column":3}},"13":{"start":{"line":20,"column":4},"end":{"line":20,"column":45}},"14":{"start":{"line":22,"column":4},"end":{"line":22,"column":18}},"15":{"start":{"line":23,"column":4},"end":{"line":30,"column":7}},"16":{"start":{"line":24,"column":6},"end":{"line":28,"column":7}},"17":{"start":{"line":25,"column":8},"end":{"line":26,"column":71}},"18":{"start":{"line":27,"column":8},"end":{"line":27,"column":48}},"19":{"start":{"line":29,"column":6},"end":{"line":29,"column":20}},"20":{"start":{"line":31,"column":4},"end":{"line":31,"column":46}},"21":{"start":{"line":35,"column":0},"end":{"line":35,"column":48}}},"branchMap":{"1":{"line":11,"type":"if","locations":[{"start":{"line":11,"column":2},"end":{"line":11,"column":2}},{"start":{"line":11,"column":2},"end":{"line":11,"column":2}}]},"2":{"line":19,"type":"if","locations":[{"start":{"line":19,"column":2},"end":{"line":19,"column":2}},{"start":{"line":19,"column":2},"end":{"line":19,"column":2}}]},"3":{"line":24,"type":"if","locations":[{"start":{"line":24,"column":6},"end":{"line":24,"column":6}},{"start":{"line":24,"column":6},"end":{"line":24,"column":6}}]},"4":{"line":25,"type":"binary-expr","locations":[{"start":{"line":25,"column":14},"end":{"line":25,"column":37}},{"start":{"line":25,"column":41},"end":{"line":25,"column":79}}]}}},"/Users/chriscates/projects/horizon/server/src/endpoint/query.js":{"path":"/Users/chriscates/projects/horizon/server/src/endpoint/query.js","s":{"1":1,"2":1,"3":1,"4":1,"5":1,"6":0,"7":0,"8":0,"9":0,"10":0,"11":0,"12":0,"13":0,"14":0,"15":0,"16":0,"17":0,"18":0,"19":0,"20":0,"21":0,"22":0,"23":0,"24":0,"25":0,"26":0,"27":0,"28":0,"29":0,"30":0,"31":0,"32":0,"33":0,"34":0,"35":0,"36":0,"37":0,"38":0,"39":0,"40":0,"41":0,"42":0,"43":0,"44":0,"45":0,"46":0,"47":0,"48":1,"49":0,"50":0,"51":0,"52":0,"53":0,"54":0,"55":0,"56":0,"57":0,"58":0,"59":0,"60":1},"b":{"1":[0,0],"2":[0,0,0,0,0,0,0],"3":[0,0],"4":[0,0],"5":[0,0],"6":[0,0],"7":[0,0],"8":[0,0],"9":[0,0],"10":[0,0],"11":[0,0],"12":[0,0],"13":[0,0],"14":[0,0],"15":[0,0],"16":[0,0],"17":[0,0],"18":[0,0],"19":[0,0],"20":[0,0],"21":[0,0,0],"22":[0,0],"23":[0,0],"24":[0,0],"25":[0,0],"26":[0,0],"27":[0,0]},"f":{},"fnMap":{},"statementMap":{"1":{"start":{"line":3,"column":0},"end":{"line":3,"column":58}},"2":{"start":{"line":4,"column":0},"end":{"line":4,"column":43}},"3":{"start":{"line":6,"column":0},"end":{"line":6,"column":27}},"4":{"start":{"line":7,"column":0},"end":{"line":7,"column":31}},"5":{"start":{"line":10,"column":0},"end":{"line":84,"column":2}},"6":{"start":{"line":11,"column":2},"end":{"line":11,"column":58}},"7":{"start":{"line":12,"column":2},"end":{"line":12,"column":82}},"8":{"start":{"line":12,"column":31},"end":{"line":12,"column":80}},"9":{"start":{"line":13,"column":2},"end":{"line":13,"column":31}},"10":{"start":{"line":15,"column":2},"end":{"line":15,"column":60}},"11":{"start":{"line":16,"column":2},"end":{"line":16,"column":33}},"12":{"start":{"line":18,"column":2},"end":{"line":69,"column":4}},"13":{"start":{"line":19,"column":4},"end":{"line":21,"column":79}},"14":{"start":{"line":23,"column":4},"end":{"line":29,"column":5}},"15":{"start":{"line":24,"column":6},"end":{"line":24,"column":30}},"16":{"start":{"line":25,"column":6},"end":{"line":26,"column":74}},"17":{"start":{"line":27,"column":6},"end":{"line":28,"column":73}},"18":{"start":{"line":31,"column":4},"end":{"line":34,"column":7}},"19":{"start":{"line":32,"column":6},"end":{"line":33,"column":97}},"20":{"start":{"line":36,"column":4},"end":{"line":36,"column":73}},"21":{"start":{"line":38,"column":4},"end":{"line":55,"column":6}},"22":{"start":{"line":39,"column":6},"end":{"line":49,"column":8}},"23":{"start":{"line":40,"column":8},"end":{"line":48,"column":9}},"24":{"start":{"line":41,"column":10},"end":{"line":41,"column":26}},"25":{"start":{"line":42,"column":15},"end":{"line":48,"column":9}},"26":{"start":{"line":43,"column":10},"end":{"line":43,"column":39}},"27":{"start":{"line":44,"column":15},"end":{"line":48,"column":9}},"28":{"start":{"line":45,"column":10},"end":{"line":45,"column":56}},"29":{"start":{"line":47,"column":10},"end":{"line":47,"column":56}},"30":{"start":{"line":51,"column":6},"end":{"line":53,"column":7}},"31":{"start":{"line":52,"column":8},"end":{"line":52,"column":30}},"32":{"start":{"line":54,"column":6},"end":{"line":54,"column":50}},"33":{"start":{"line":54,"column":37},"end":{"line":54,"column":48}},"34":{"start":{"line":57,"column":4},"end":{"line":57,"column":43}},"35":{"start":{"line":58,"column":4},"end":{"line":58,"column":43}},"36":{"start":{"line":60,"column":4},"end":{"line":64,"column":6}},"37":{"start":{"line":66,"column":4},"end":{"line":67,"column":38}},"38":{"start":{"line":68,"column":4},"end":{"line":68,"column":85}},"39":{"start":{"line":71,"column":2},"end":{"line":77,"column":3}},"40":{"start":{"line":72,"column":4},"end":{"line":72,"column":50}},"41":{"start":{"line":73,"column":9},"end":{"line":77,"column":3}},"42":{"start":{"line":74,"column":4},"end":{"line":74,"column":77}},"43":{"start":{"line":74,"column":56},"end":{"line":74,"column":74}},"44":{"start":{"line":76,"column":4},"end":{"line":76,"column":77}},"45":{"start":{"line":79,"column":2},"end":{"line":81,"column":3}},"46":{"start":{"line":80,"column":4},"end":{"line":80,"column":37}},"47":{"start":{"line":83,"column":2},"end":{"line":83,"column":14}},"48":{"start":{"line":86,"column":0},"end":{"line":104,"column":2}},"49":{"start":{"line":87,"column":2},"end":{"line":103,"column":3}},"50":{"start":{"line":88,"column":4},"end":{"line":88,"column":28}},"51":{"start":{"line":89,"column":4},"end":{"line":98,"column":7}},"52":{"start":{"line":90,"column":6},"end":{"line":94,"column":7}},"53":{"start":{"line":91,"column":8},"end":{"line":91,"column":37}},"54":{"start":{"line":93,"column":8},"end":{"line":93,"column":36}},"55":{"start":{"line":96,"column":6},"end":{"line":96,"column":30}},"56":{"start":{"line":97,"column":6},"end":{"line":97,"column":48}},"57":{"start":{"line":99,"column":9},"end":{"line":103,"column":3}},"58":{"start":{"line":100,"column":4},"end":{"line":100,"column":46}},"59":{"start":{"line":102,"column":4},"end":{"line":102,"column":50}},"60":{"start":{"line":106,"column":0},"end":{"line":106,"column":48}}},"branchMap":{"1":{"line":12,"type":"if","locations":[{"start":{"line":12,"column":2},"end":{"line":12,"column":2}},{"start":{"line":12,"column":2},"end":{"line":12,"column":2}}]},"2":{"line":19,"type":"binary-expr","locations":[{"start":{"line":19,"column":24},"end":{"line":19,"column":37}},{"start":{"line":19,"column":41},"end":{"line":19,"column":57}},{"start":{"line":20,"column":24},"end":{"line":20,"column":37}},{"start":{"line":20,"column":41},"end":{"line":20,"column":70}},{"start":{"line":21,"column":24},"end":{"line":21,"column":37}},{"start":{"line":21,"column":41},"end":{"line":21,"column":70}},{"start":{"line":21,"column":75},"end":{"line":21,"column":78}}]},"3":{"line":23,"type":"if","locations":[{"start":{"line":23,"column":4},"end":{"line":23,"column":4}},{"start":{"line":23,"column":4},"end":{"line":23,"column":4}}]},"4":{"line":25,"type":"binary-expr","locations":[{"start":{"line":25,"column":12},"end":{"line":25,"column":26}},{"start":{"line":25,"column":30},"end":{"line":25,"column":63}}]},"5":{"line":27,"type":"binary-expr","locations":[{"start":{"line":27,"column":12},"end":{"line":27,"column":26}},{"start":{"line":27,"column":30},"end":{"line":27,"column":63}}]},"6":{"line":40,"type":"if","locations":[{"start":{"line":40,"column":8},"end":{"line":40,"column":8}},{"start":{"line":40,"column":8},"end":{"line":40,"column":8}}]},"7":{"line":42,"type":"if","locations":[{"start":{"line":42,"column":15},"end":{"line":42,"column":15}},{"start":{"line":42,"column":15},"end":{"line":42,"column":15}}]},"8":{"line":42,"type":"binary-expr","locations":[{"start":{"line":42,"column":19},"end":{"line":42,"column":32}},{"start":{"line":42,"column":36},"end":{"line":42,"column":71}}]},"9":{"line":44,"type":"if","locations":[{"start":{"line":44,"column":15},"end":{"line":44,"column":15}},{"start":{"line":44,"column":15},"end":{"line":44,"column":15}}]},"10":{"line":44,"type":"binary-expr","locations":[{"start":{"line":44,"column":19},"end":{"line":44,"column":32}},{"start":{"line":44,"column":36},"end":{"line":44,"column":63}}]},"11":{"line":45,"type":"cond-expr","locations":[{"start":{"line":45,"column":36},"end":{"line":45,"column":44}},{"start":{"line":45,"column":47},"end":{"line":45,"column":55}}]},"12":{"line":47,"type":"cond-expr","locations":[{"start":{"line":47,"column":36},"end":{"line":47,"column":44}},{"start":{"line":47,"column":47},"end":{"line":47,"column":55}}]},"13":{"line":51,"type":"if","locations":[{"start":{"line":51,"column":6},"end":{"line":51,"column":6}},{"start":{"line":51,"column":6},"end":{"line":51,"column":6}}]},"14":{"line":62,"type":"cond-expr","locations":[{"start":{"line":62,"column":33},"end":{"line":62,"column":49}},{"start":{"line":62,"column":52},"end":{"line":62,"column":60}}]},"15":{"line":63,"type":"cond-expr","locations":[{"start":{"line":63,"column":34},"end":{"line":63,"column":50}},{"start":{"line":63,"column":53},"end":{"line":63,"column":61}}]},"16":{"line":66,"type":"cond-expr","locations":[{"start":{"line":67,"column":6},"end":{"line":67,"column":24}},{"start":{"line":67,"column":27},"end":{"line":67,"column":37}}]},"17":{"line":66,"type":"binary-expr","locations":[{"start":{"line":66,"column":19},"end":{"line":66,"column":32}},{"start":{"line":66,"column":36},"end":{"line":66,"column":69}}]},"18":{"line":71,"type":"if","locations":[{"start":{"line":71,"column":2},"end":{"line":71,"column":2}},{"start":{"line":71,"column":2},"end":{"line":71,"column":2}}]},"19":{"line":73,"type":"if","locations":[{"start":{"line":73,"column":9},"end":{"line":73,"column":9}},{"start":{"line":73,"column":9},"end":{"line":73,"column":9}}]},"20":{"line":73,"type":"binary-expr","locations":[{"start":{"line":73,"column":13},"end":{"line":73,"column":29}},{"start":{"line":73,"column":33},"end":{"line":73,"column":60}}]},"21":{"line":76,"type":"binary-expr","locations":[{"start":{"line":76,"column":28},"end":{"line":76,"column":44}},{"start":{"line":76,"column":48},"end":{"line":76,"column":67}},{"start":{"line":76,"column":72},"end":{"line":76,"column":75}}]},"22":{"line":79,"type":"if","locations":[{"start":{"line":79,"column":2},"end":{"line":79,"column":2}},{"start":{"line":79,"column":2},"end":{"line":79,"column":2}}]},"23":{"line":87,"type":"if","locations":[{"start":{"line":87,"column":2},"end":{"line":87,"column":2}},{"start":{"line":87,"column":2},"end":{"line":87,"column":2}}]},"24":{"line":87,"type":"binary-expr","locations":[{"start":{"line":87,"column":6},"end":{"line":87,"column":18}},{"start":{"line":87,"column":22},"end":{"line":87,"column":55}}]},"25":{"line":90,"type":"if","locations":[{"start":{"line":90,"column":6},"end":{"line":90,"column":6}},{"start":{"line":90,"column":6},"end":{"line":90,"column":6}}]},"26":{"line":99,"type":"if","locations":[{"start":{"line":99,"column":9},"end":{"line":99,"column":9}},{"start":{"line":99,"column":9},"end":{"line":99,"column":9}}]},"27":{"line":99,"type":"binary-expr","locations":[{"start":{"line":99,"column":13},"end":{"line":99,"column":25}},{"start":{"line":99,"column":29},"end":{"line":99,"column":61}}]}}},"/Users/chriscates/projects/horizon/server/src/endpoint/remove.js":{"path":"/Users/chriscates/projects/horizon/server/src/endpoint/remove.js","s":{"1":1,"2":1,"3":1,"4":1,"5":0,"6":0,"7":0,"8":0,"9":0,"10":0,"11":1,"12":0,"13":0,"14":0,"15":0,"16":1},"b":{"1":[0,0],"2":[0,0]},"f":{},"fnMap":{},"statementMap":{"1":{"start":{"line":3,"column":0},"end":{"line":3,"column":60}},"2":{"start":{"line":5,"column":0},"end":{"line":5,"column":27}},"3":{"start":{"line":6,"column":0},"end":{"line":6,"column":31}},"4":{"start":{"line":8,"column":0},"end":{"line":16,"column":2}},"5":{"start":{"line":9,"column":2},"end":{"line":9,"column":59}},"6":{"start":{"line":10,"column":2},"end":{"line":10,"column":82}},"7":{"start":{"line":10,"column":31},"end":{"line":10,"column":80}},"8":{"start":{"line":12,"column":2},"end":{"line":12,"column":60}},"9":{"start":{"line":13,"column":2},"end":{"line":15,"column":20}},"10":{"start":{"line":14,"column":56},"end":{"line":14,"column":62}},"11":{"start":{"line":19,"column":0},"end":{"line":25,"column":2}},"12":{"start":{"line":20,"column":2},"end":{"line":24,"column":3}},"13":{"start":{"line":21,"column":4},"end":{"line":21,"column":45}},"14":{"start":{"line":23,"column":4},"end":{"line":23,"column":88}},"15":{"start":{"line":23,"column":58},"end":{"line":23,"column":64}},"16":{"start":{"line":27,"column":0},"end":{"line":27,"column":48}}},"branchMap":{"1":{"line":10,"type":"if","locations":[{"start":{"line":10,"column":2},"end":{"line":10,"column":2}},{"start":{"line":10,"column":2},"end":{"line":10,"column":2}}]},"2":{"line":20,"type":"if","locations":[{"start":{"line":20,"column":2},"end":{"line":20,"column":2}},{"start":{"line":20,"column":2},"end":{"line":20,"column":2}}]}}},"/Users/chriscates/projects/horizon/server/src/endpoint/replace.js":{"path":"/Users/chriscates/projects/horizon/server/src/endpoint/replace.js","s":{"1":1,"2":1,"3":1,"4":1,"5":1,"6":0,"7":0,"8":0,"9":0,"10":0,"11":0,"12":0,"13":1},"b":{"1":[0,0]},"f":{},"fnMap":{},"statementMap":{"1":{"start":{"line":3,"column":0},"end":{"line":3,"column":62}},"2":{"start":{"line":4,"column":0},"end":{"line":4,"column":60}},"3":{"start":{"line":6,"column":0},"end":{"line":6,"column":27}},"4":{"start":{"line":7,"column":0},"end":{"line":7,"column":31}},"5":{"start":{"line":9,"column":0},"end":{"line":20,"column":2}},"6":{"start":{"line":10,"column":2},"end":{"line":10,"column":60}},"7":{"start":{"line":11,"column":2},"end":{"line":11,"column":82}},"8":{"start":{"line":11,"column":31},"end":{"line":11,"column":80}},"9":{"start":{"line":13,"column":2},"end":{"line":13,"column":60}},"10":{"start":{"line":14,"column":2},"end":{"line":19,"column":46}},"11":{"start":{"line":15,"column":8},"end":{"line":19,"column":44}},"12":{"start":{"line":16,"column":10},"end":{"line":19,"column":43}},"13":{"start":{"line":22,"column":0},"end":{"line":22,"column":48}}},"branchMap":{"1":{"line":11,"type":"if","locations":[{"start":{"line":11,"column":2},"end":{"line":11,"column":2}},{"start":{"line":11,"column":2},"end":{"line":11,"column":2}}]}}},"/Users/chriscates/projects/horizon/server/src/endpoint/store.js":{"path":"/Users/chriscates/projects/horizon/server/src/endpoint/store.js","s":{"1":1,"2":1,"3":1,"4":1,"5":1,"6":0,"7":0,"8":0,"9":0,"10":0,"11":1},"b":{"1":[0,0]},"f":{},"fnMap":{},"statementMap":{"1":{"start":{"line":3,"column":0},"end":{"line":3,"column":58}},"2":{"start":{"line":4,"column":0},"end":{"line":4,"column":60}},"3":{"start":{"line":6,"column":0},"end":{"line":6,"column":27}},"4":{"start":{"line":7,"column":0},"end":{"line":7,"column":31}},"5":{"start":{"line":9,"column":0},"end":{"line":15,"column":2}},"6":{"start":{"line":10,"column":2},"end":{"line":10,"column":58}},"7":{"start":{"line":11,"column":2},"end":{"line":11,"column":82}},"8":{"start":{"line":11,"column":31},"end":{"line":11,"column":80}},"9":{"start":{"line":13,"column":2},"end":{"line":13
[...]
,"column":37}},"105":{"start":{"line":170,"column":16},"end":{"line":170,"column":48}},"106":{"start":{"line":171,"column":21},"end":{"line":183,"column":15}},"107":{"start":{"line":172,"column":16},"end":{"line":172,"column":76}},"108":{"start":{"line":173,"column":16},"end":{"line":173,"column":37}},"109":{"start":{"line":174,"column":16},"end":{"line":174,"column":56}},"110":{"start":{"line":176,"column":16},"end":{"line":182,"column":19}},"111":{"start":{"line":178,"column":18},"end":{"line":178,"column":50}},"112":{"start":{"line":179,"column":18},"end":{"line":181,"column":43}},"113":{"start":{"line":192,"column":0},"end":{"line":198,"column":2}}},"branchMap":{"1":{"line":19,"type":"if","locations":[{"start":{"line":19,"column":2},"end":{"line":19,"column":2}},{"start":{"line":19,"column":2},"end":{"line":19,"column":2}}]},"2":{"line":36,"type":"if","locations":[{"start":{"line":36,"column":6},"end":{"line":36,"column":6}},{"start":{"line":36,"column":6},"end":{"line":36,"column":6}}]},"3":{"line":60,"type":"if","locations":[{"start":{"line":60,"column":2},"end":{"line":60,"column":2}},{"start":{"line":60,"column":2},"end":{"line":60,"column":2}}]},"4":{"line":82,"type":"if","locations":[{"start":{"line":82,"column":2},"end":{"line":82,"column":2}},{"start":{"line":82,"column":2},"end":{"line":82,"column":2}}]},"5":{"line":120,"type":"binary-expr","locations":[{"start":{"line":120,"column":17},"end":{"line":120,"column":34}},{"start":{"line":120,"column":38},"end":{"line":120,"column":60}}]},"6":{"line":121,"type":"binary-expr","locations":[{"start":{"line":121,"column":18},"end":{"line":121,"column":35}},{"start":{"line":121,"column":39},"end":{"line":121,"column":62}}]},"7":{"line":124,"type":"if","locations":[{"start":{"line":124,"column":4},"end":{"line":124,"column":4}},{"start":{"line":124,"column":4},"end":{"line":124,"column":4}}]},"8":{"line":125,"type":"binary-expr","locations":[{"start":{"line":125,"column":26},"end":{"line":125,"column":61}},{"start":{"line":125,"column":65},"end":{"line":125,"column":70}}]},"9":{"line":127,"type":"if","locations":[{"start":{"line":127,"column":11},"end":{"line":127,"column":11}},{"start":{"line":127,"column":11},"end":{"line":127,"column":11}}]},"10":{"line":131,"type":"if","locations":[{"start":{"line":131,"column":8},"end":{"line":131,"column":8}},{"start":{"line":131,"column":8},"end":{"line":131,"column":8}}]},"11":{"line":145,"type":"if","locations":[{"start":{"line":145,"column":6},"end":{"line":145,"column":6}},{"start":{"line":145,"column":6},"end":{"line":145,"column":6}}]},"12":{"line":145,"type":"binary-expr","locations":[{"start":{"line":145,"column":10},"end":{"line":145,"column":16}},{"start":{"line":145,"column":20},"end":{"line":145,"column":26}},{"start":{"line":145,"column":30},"end":{"line":145,"column":61}}]},"13":{"line":151,"type":"binary-expr","locations":[{"start":{"line":151,"column":31},"end":{"line":151,"column":35}},{"start":{"line":151,"column":39},"end":{"line":151,"column":56}}]},"14":{"line":153,"type":"if","locations":[{"start":{"line":153,"column":10},"end":{"line":153,"column":10}},{"start":{"line":153,"column":10},"end":{"line":153,"column":10}}]},"15":{"line":157,"type":"if","locations":[{"start":{"line":157,"column":17},"end":{"line":157,"column":17}},{"start":{"line":157,"column":17},"end":{"line":157,"column":17}}]},"16":{"line":165,"type":"binary-expr","locations":[{"start":{"line":165,"column":30},"end":{"line":165,"column":39}},{"start":{"line":165,"column":43},"end":{"line":165,"column":64}}]},"17":{"line":167,"type":"if","locations":[{"start":{"line":167,"column":14},"end":{"line":167,"column":14}},{"start":{"line":167,"column":14},"end":{"line":167,"column":14}}]},"18":{"line":171,"type":"if","locations":[{"start":{"line":171,"column":21},"end":{"line":171,"column":21}},{"start":{"line":171,"column":21},"end":{"line":171,"column":21}}]},"19":{"line":179,"type":"cond-expr","locations":[{"start":{"line":180,"column":20},"end":{"line":180,"column":52}},{"start":{"line":181,"column":20},"end":{"line":181,"column":41}}]}}},"/Users/chriscates/projects/horizon/server/src/auth/github.js":{"path":"/Users/chriscates/projects/horizon/server/src/auth/github.js","s":{"1":1,"2":1,"3":1,"4":1,"5":1,"6":1,"7":1,"8":0,"9":0,"10":0,"11":0,"12":0,"13":0,"14":0,"15":0,"16":0,"17":0,"18":0,"19":0,"20":0,"21":0,"22":0,"23":0,"24":1},"b":{"1":[0,0]},"f":{"1":0},"fnMap":{"1":{"name":"github","line":16,"loc":{"start":{"line":16,"column":0},"end":{"line":16,"column":38}}}},"statementMap":{"1":{"start":{"line":3,"column":0},"end":{"line":3,"column":38}},"2":{"start":{"line":5,"column":0},"end":{"line":5,"column":31}},"3":{"start":{"line":6,"column":0},"end":{"line":6,"column":27}},"4":{"start":{"line":7,"column":0},"end":{"line":7,"column":43}},"5":{"start":{"line":8,"column":0},"end":{"line":8,"column":27}},"6":{"start":{"line":10,"column":0},"end":{"line":14,"column":18}},"7":{"start":{"line":16,"column":0},"end":{"line":49,"column":1}},"8":{"start":{"line":17,"column":2},"end":{"line":17,"column":59}},"9":{"start":{"line":18,"column":2},"end":{"line":18,"column":31}},"10":{"start":{"line":19,"column":2},"end":{"line":19,"column":39}},"11":{"start":{"line":20,"column":2},"end":{"line":20,"column":32}},"12":{"start":{"line":22,"column":2},"end":{"line":22,"column":46}},"13":{"start":{"line":24,"column":2},"end":{"line":28,"column":62}},"14":{"start":{"line":25,"column":4},"end":{"line":28,"column":61}},"15":{"start":{"line":30,"column":2},"end":{"line":39,"column":4}},"16":{"start":{"line":31,"column":4},"end":{"line":34,"column":75}},"17":{"start":{"line":36,"column":4},"end":{"line":36,"column":87}},"18":{"start":{"line":38,"column":4},"end":{"line":38,"column":15}},"19":{"start":{"line":41,"column":2},"end":{"line":44,"column":60}},"20":{"start":{"line":42,"column":4},"end":{"line":44,"column":59}},"21":{"start":{"line":46,"column":2},"end":{"line":46,"column":70}},"22":{"start":{"line":46,"column":44},"end":{"line":46,"column":69}},"23":{"start":{"line":48,"column":2},"end":{"line":48,"column":35}},"24":{"start":{"line":51,"column":0},"end":{"line":51,"column":24}}},"branchMap":{"1":{"line":46,"type":"binary-expr","locations":[{"start":{"line":46,"column":44},"end":{"line":46,"column":53}},{"start":{"line":46,"column":57},"end":{"line":46,"column":69}}]}}},"/Users/chriscates/projects/horizon/server/src/auth/google.js":{"path":"/Users/chriscates/projects/horizon/server/src/auth/google.js","s":{"1":1,"2":1,"3":1,"4":1,"5":1,"6":1,"7":1,"8":1,"9":0,"10":0,"11":0,"12":0,"13":0,"14":0,"15":0,"16":0,"17":0,"18":0,"19":0,"20":0,"21":0,"22":0,"23":0,"24":0,"25":0,"26":0,"27":1},"b":{"1":[0,0]},"f":{"1":0},"fnMap":{"1":{"name":"google","line":17,"loc":{"start":{"line":17,"column":0},"end":{"line":17,"column":38}}}},"statementMap":{"1":{"start":{"line":3,"column":0},"end":{"line":3,"column":36}},"2":{"start":{"line":4,"column":0},"end":{"line":4,"column":38}},"3":{"start":{"line":6,"column":0},"end":{"line":6,"column":31}},"4":{"start":{"line":7,"column":0},"end":{"line":7,"column":27}},"5":{"start":{"line":8,"column":0},"end":{"line":8,"column":43}},"6":{"start":{"line":9,"column":0},"end":{"line":9,"column":27}},"7":{"start":{"line":11,"column":0},"end":{"line":15,"column":18}},"8":{"start":{"line":17,"column":0},"end":{"line":48,"column":1}},"9":{"start":{"line":18,"column":2},"end":{"line":18,"column":59}},"10":{"start":{"line":19,"column":2},"end":{"line":19,"column":31}},"11":{"start":{"line":20,"column":2},"end":{"line":20,"column":39}},"12":{"start":{"line":21,"column":2},"end":{"line":21,"column":32}},"13":{"start":{"line":23,"column":2},"end":{"line":23,"column":46}},"14":{"start":{"line":25,"column":2},"end":{"line":29,"column":103}},"15":{"start":{"line":26,"column":4},"end":{"line":29,"column":102}},"16":{"start":{"line":31,"column":2},"end":{"line":37,"column":4}},"17":{"start":{"line":32,"column":4},"end":{"line":34,"column":42}},"18":{"start":{"line":35,"column":4},"end":{"line":35,"column":52}},"19":{"start":{"line":36,"column":4},"end":{"line":36,"column":79}},"20":{"start":{"line":39,"column":2},"end":{"line":43,"column":4}},"21":{"start":{"line":40,"column":4},"end":{"line":40,"column":56}},"22":{"start":{"line":41,"column":4},"end":{"line":41,"column":82}},"23":{"start":{"line":42,"column":4},"end":{"line":42,"column":63}},"24":{"start":{"line":45,"column":2},"end":{"line":45,"column":70}},"25":{"start":{"line":45,"column":44},"end":{"line":45,"column":69}},"26":{"start":{"line":47,"column":2},"end":{"line":47,"column":35}},"27":{"start":{"line":50,"column":0},"end":{"line":50,"column":24}}},"branchMap":{"1":{"line":45,"type":"binary-expr","locations":[{"start":{"line":45,"column":44},"end":{"line":45,"column":53}},{"start":{"line":45,"column":57},"end":{"line":45,"column":69}}]}}},"/Users/chriscates/projects/horizon/server/src/auth/twitch.js":{"path":"/Users/chriscates/projects/horizon/server/src/auth/twitch.js","s":{"1":1,"2":1,"3":1,"4":1,"5":1,"6":1,"7":1,"8":1,"9":0,"10":0,"11":0,"12":0,"13":0,"14":0,"15":0,"16":0,"17":0,"18":0,"19":0,"20":0,"21":0,"22":0,"23":0,"24":0,"25":0,"26":1},"b":{"1":[0,0]},"f":{"1":0},"fnMap":{"1":{"name":"twitch","line":17,"loc":{"start":{"line":17,"column":0},"end":{"line":17,"column":38}}}},"statementMap":{"1":{"start":{"line":3,"column":0},"end":{"line":3,"column":36}},"2":{"start":{"line":4,"column":0},"end":{"line":4,"column":38}},"3":{"start":{"line":6,"column":0},"end":{"line":6,"column":31}},"4":{"start":{"line":7,"column":0},"end":{"line":7,"column":27}},"5":{"start":{"line":8,"column":0},"end":{"line":8,"column":43}},"6":{"start":{"line":9,"column":0},"end":{"line":9,"column":27}},"7":{"start":{"line":11,"column":0},"end":{"line":15,"column":18}},"8":{"start":{"line":17,"column":0},"end":{"line":51,"column":1}},"9":{"start":{"line":18,"column":2},"end":{"line":18,"column":59}},"10":{"start":{"line":19,"column":2},"end":{"line":19,"column":31}},"11":{"start":{"line":20,"column":2},"end":{"line":20,"column":39}},"12":{"start":{"line":21,"column":2},"end":{"line":21,"column":32}},"13":{"start":{"line":23,"column":2},"end":{"line":23,"column":46}},"14":{"start":{"line":25,"column":2},"end":{"line":29,"column":105}},"15":{"start":{"line":26,"column":4},"end":{"line":29,"column":104}},"16":{"start":{"line":31,"column":2},"end":{"line":39,"column":4}},"17":{"start":{"line":32,"column":4},"end":{"line":34,"column":64}},"18":{"start":{"line":35,"column":4},"end":{"line":37,"column":43}},"19":{"start":{"line":38,"column":4},"end":{"line":38,"column":15}},"20":{"start":{"line":41,"column":2},"end":{"line":46,"column":4}},"21":{"start":{"line":42,"column":4},"end":{"line":42,"column":56}},"22":{"start":{"line":43,"column":4},"end":{"line":45,"column":82}},"23":{"start":{"line":48,"column":2},"end":{"line":48,"column":71}},"24":{"start":{"line":48,"column":44},"end":{"line":48,"column":70}},"25":{"start":{"line":50,"column":2},"end":{"line":50,"column":35}},"26":{"start":{"line":53,"column":0},"end":{"line":53,"column":24}}},"branchMap":{"1":{"line":48,"type":"binary-expr","locations":[{"start":{"line":48,"column":44},"end":{"line":48,"column":53}},{"start":{"line":48,"column":57},"end":{"line":48,"column":70}}]}}},"/Users/chriscates/projects/horizon/server/src/auth/twitter.js":{"path":"/Users/chriscates/projects/horizon/server/src/auth/twitter.js","s":{"1":1,"2":1,"3":1,"4":1,"5":1,"6":1,"7":1,"8":1,"9":1,"10":0,"11":0,"12":0,"13":0,"14":0,"15":0,"16":0,"17":0,"18":1,"19":0,"20":0,"21":0,"22":1,"23":0,"24":0,"25":0,"26":0,"27":0,"28":0,"29":0,"30":0,"31":0,"32":0,"33":0,"34":0,"35":0,"36":0,"37":0,"38":0,"39":0,"40":0,"41":0,"42":0,"43":0,"44":0,"45":0,"46":0,"47":0,"48":0,"49":0,"50":0,"51":0,"52":0,"53":0,"54":0,"55":0,"56":0,"57":0,"58":0,"59":0,"60":0,"61":0,"62":0,"63":0,"64":0,"65":0,"66":0,"67":0,"68":0,"69":0,"70":0,"71":0,"72":0,"73":1},"b":{"1":[0,0],"2":[0,0],"3":[0,0],"4":[0,0],"5":[0,0],"6":[0,0],"7":[0,0],"8":[0,0],"9":[0,0],"10":[0,0,0,0],"11":[0,0],"12":[0,0],"13":[0,0],"14":[0,0],"15":[0,0]},"f":{"1":0},"fnMap":{"1":{"name":"twitter","line":40,"loc":{"start":{"line":40,"column":0},"end":{"line":40,"column":39}}}},"statementMap":{"1":{"start":{"line":3,"column":0},"end":{"line":3,"column":36}},"2":{"start":{"line":4,"column":0},"end":{"line":4,"column":38}},"3":{"start":{"line":6,"column":0},"end":{"line":6,"column":27}},"4":{"start":{"line":7,"column":0},"end":{"line":7,"column":31}},"5":{"start":{"line":8,"column":0},"end":{"line":8,"column":27}},"6":{"start":{"line":10,"column":0},"end":{"line":14,"column":3}},"7":{"start":{"line":17,"column":0},"end":{"line":17,"column":30}},"8":{"start":{"line":18,"column":0},"end":{"line":18,"column":42}},"9":{"start":{"line":20,"column":0},"end":{"line":32,"column":2}},"10":{"start":{"line":21,"column":2},"end":{"line":21,"column":26}},"11":{"start":{"line":22,"column":2},"end":{"line":22,"column":43}},"12":{"start":{"line":23,"column":2},"end":{"line":23,"column":37}},"13":{"start":{"line":25,"column":2},"end":{"line":25,"column":25}},"14":{"start":{"line":26,"column":2},"end":{"line":29,"column":3}},"15":{"start":{"line":27,"column":4},"end":{"line":27,"column":38}},"16":{"start":{"line":28,"column":4},"end":{"line":28,"column":23}},"17":{"start":{"line":31,"column":2},"end":{"line":31,"column":42}},"18":{"start":{"line":34,"column":0},"end":{"line":38,"column":2}},"19":{"start":{"line":35,"column":2},"end":{"line":35,"column":37}},"20":{"start":{"line":36,"column":2},"end":{"line":36,"column":28}},"21":{"start":{"line":37,"column":2},"end":{"line":37,"column":26}},"22":{"start":{"line":40,"column":0},"end":{"line":137,"column":1}},"23":{"start":{"line":41,"column":2},"end":{"line":41,"column":59}},"24":{"start":{"line":42,"column":2},"end":{"line":42,"column":32}},"25":{"start":{"line":43,"column":2},"end":{"line":43,"column":34}},"26":{"start":{"line":44,"column":2},"end":{"line":44,"column":41}},"27":{"start":{"line":46,"column":2},"end":{"line":52,"column":42}},"28":{"start":{"line":54,"column":2},"end":{"line":54,"column":86}},"29":{"start":{"line":56,"column":2},"end":{"line":57,"column":96}},"30":{"start":{"line":57,"column":4},"end":{"line":57,"column":95}},"31":{"start":{"line":59,"column":2},"end":{"line":60,"column":96}},"32":{"start":{"line":60,"column":4},"end":{"line":60,"column":95}},"33":{"start":{"line":62,"column":2},"end":{"line":136,"column":5}},"34":{"start":{"line":63,"column":4},"end":{"line":63,"column":49}},"35":{"start":{"line":64,"column":4},"end":{"line":64,"column":74}},"36":{"start":{"line":65,"column":4},"end":{"line":65,"column":75}},"37":{"start":{"line":67,"column":4},"end":{"line":67,"column":66}},"38":{"start":{"line":68,"column":4},"end":{"line":135,"column":5}},"39":{"start":{"line":71,"column":6},"end":{"line":98,"column":9}},"40":{"start":{"line":72,"column":8},"end":{"line":97,"column":9}},"41":{"start":{"line":73,"column":10},"end":{"line":73,"column":77}},"42":{"start":{"line":74,"column":10},"end":{"line":74,"column":82}},"43":{"start":{"line":76,"column":10},"end":{"line":80,"column":79}},"44":{"start":{"line":82,"column":10},"end":{"line":82,"column":97}},"45":{"start":{"line":84,"column":10},"end":{"line":96,"column":13}},"46":{"start":{"line":85,"column":12},"end":{"line":95,"column":13}},"47":{"start":{"line":86,"column":14},"end":{"line":86,"column":86}},"48":{"start":{"line":87,"column":14},"end":{"line":87,"column":95}},"49":{"start":{"line":89,"column":14},"end":{"line":89,"column":55}},"50":{"start":{"line":90,"column":14},"end":{"line":90,"column":62}},"51":{"start":{"line":91,"column":14},"end":{"line":94,"column":93}},"52":{"start":{"line":101,"column":6},"end":{"line":101,"column":61}},"53":{"start":{"line":102,"column":6},"end":{"line":102,"column":44}},"54":{"start":{"line":103,"column":6},"end":{"line":103,"column":45}},"55":{"start":{"line":105,"column":6},"end":{"line":134,"column":7}},"56":{"start":{"line":106,"column":8},"end":{"line":106,"column":73}},"57":{"start":{"line":108,"column":8},"end":{"line":133,"column":11}},"58":{"start":{"line":109,"column":10},"end":{"line":132,"column":11}},"59":{"start":{"line":110,"column":12},"end":{"line":110,"column":63}},"60":{"start":{"line":111,"column":12},"end":{"line":111,"column":82}},"61":{"start":{"line":113,"column":12},"end":{"line":131,"column":15}},"62":{"start":{"line":114,"column":14},"end":{"line":114,"column":64}},"63":{"start":{"line":115,"column":14},"end":{"line":115,"column":56}},"64":{"start":{"line":117,"column":14},"end":{"line":130,"column":15}},"65":{"start":{"line":118,"column":16},"end":{"line":118,"column":68}},"66":{"start":{"line":119,"column":16},"end":{"line":119,"column":86}},"67":{"start":{"line":120,"column":21},"end":{"line":130,"column":15}},"68":{"start":{"line":121,"column":16},"end":{"line":121,"column":70}},"69":{"start":{"line":122,"column":16},"end":{"line":122,"column":94}},"70":{"start":{"line":124,"column":16},"end":{"line":129,"column":19}},"71":{"start":{"line":125,"column":18},"end":{"line":125,"column":61}},"72":{"start":{"line":126,"column":18},"end":{"line":128,"column":43}},"73":{"start":{"line":139,"column":0},"end":{"line":139,"column":25}}},"branchMap":{"1":{"line":26,"type":"binary-expr","locations":[{"start":{"line":26,"column":9},"end":{"line":26,"column":19}},{"start":{"line":26,"column":23},"end":{"line":26,"column":50}}]},"2":{"line":37,"type":"binary-expr","locations":[{"start":{"line":37,"column":9},"end":{"line":37,"column":12}},{"start":{"line":37,"column":16},"end":{"line":37,"column":25}}]},"3":{"line":64,"type":"binary-expr","locations":[{"start":{"line":64,"column":23},"end":{"line":64,"column":40}},{"start":{"line":64,"column":44},"end":{"line":64,"column":73}}]},"4":{"line":65,"type":"binary-expr","locations":[{"start":{"line":65,"column":21},"end":{"line":65,"column":38}},{"start":{"line":65,"column":42},"end":{"line":65,"column":74}}]},"5":{"line":68,"type":"if","locations":[{"start":{"line":68,"column":4},"end":{"line":68,"column":4}},{"start":{"line":68,"column":4},"end":{"line":68,"column":4}}]},"6":{"line":72,"type":"if","locations":[{"start":{"line":72,"column":8},"end":{"line":72,"column":8}},{"start":{"line":72,"column":8},"end":{"line":72,"column":8}}]},"7":{"line":85,"type":"if","locations":[{"start":{"line":85,"column":12},"end":{"line":85,"column":12}},{"start":{"line":85,"column":12},"end":{"line":85,"column":12}}]},"8":{"line":85,"type":"binary-expr","locations":[{"start":{"line":85,"column":16},"end":{"line":85,"column":19}},{"start":{"line":85,"column":23},"end":{"line":85,"column":63}}]},"9":{"line":105,"type":"if","locations":[{"start":{"line":105,"column":6},"end":{"line":105,"column":6}},{"start":{"line":105,"column":6},"end":{"line":105,"column":6}}]},"10":{"line":105,"type":"binary-expr","locations":[{"start":{"line":105,"column":10},"end":{"line":105,"column":16}},{"start":{"line":105,"column":20},"end":{"line":105,"column":26}},{"start":{"line":105,"column":30},"end":{"line":105,"column":40}},{"start":{"line":105,"column":44},"end":{"line":105,"column":86}}]},"11":{"line":109,"type":"if","locations":[{"start":{"line":109,"column":10},"end":{"line":109,"column":10}},{"start":{"line":109,"column":10},"end":{"line":109,"column":10}}]},"12":{"line":115,"type":"binary-expr","locations":[{"start":{"line":115,"column":30},"end":{"line":115,"column":39}},{"start":{"line":115,"column":43},"end":{"line":115,"column":55}}]},"13":{"line":117,"type":"if","locations":[{"start":{"line":117,"column":14},"end":{"line":117,"column":14}},{"start":{"line":117,"column":14},"end":{"line":117,"column":14}}]},"14":{"line":120,"type":"if","locations":[{"start":{"line":120,"column":21},"end":{"line":120,"column":21}},{"start":{"line":120,"column":21},"end":{"line":120,"column":21}}]},"15":{"line":126,"type":"cond-expr","locations":[{"start":{"line":127,"column":20},"end":{"line":127,"column":52}},{"start":{"line":128,"column":20},"end":{"line":128,"column":41}}]}}}}